{"/home/travis/build/npmtest/node-npmtest-jscs-jsdoc/test.js":{"path":"/home/travis/build/npmtest/node-npmtest-jscs-jsdoc/test.js","s":{"1":2,"2":2,"3":2,"4":2,"5":2,"6":2,"7":2,"8":1,"9":2,"10":2,"11":1,"12":1,"13":1,"14":1,"15":2,"16":2,"17":2,"18":2,"19":1,"20":1,"21":2,"22":2,"23":2,"24":1,"25":1,"26":1,"27":1,"28":1,"29":1,"30":1,"31":1,"32":1,"33":1,"34":1,"35":1,"36":1,"37":1,"38":1,"39":2,"40":2,"41":1,"42":2,"43":2,"44":1,"45":2,"46":2,"47":1,"48":2,"49":2,"50":1,"51":1,"52":1,"53":1,"54":1},"b":{"1":[2,1,1,1],"2":[1,1,1,1],"3":[1,1],"4":[1,1],"5":[1,1],"6":[1,1],"7":[1,1],"8":[1,1],"9":[1,1],"10":[1,1,1],"11":[1,1],"12":[1,1],"13":[1,1],"14":[1,1],"15":[1,1],"16":[1,1],"17":[1,1]},"f":{"1":2,"2":2,"3":2,"4":2,"5":2,"6":1,"7":1,"8":1,"9":2,"10":2,"11":2,"12":2,"13":1},"fnMap":{"1":{"name":"(anonymous_1)","line":12,"loc":{"start":{"line":12,"column":1},"end":{"line":12,"column":13}}},"2":{"name":"(anonymous_2)","line":19,"loc":{"start":{"line":19,"column":5},"end":{"line":19,"column":17}}},"3":{"name":"(anonymous_3)","line":23,"loc":{"start":{"line":23,"column":24},"end":{"line":23,"column":36}}},"4":{"name":"(anonymous_4)","line":61,"loc":{"start":{"line":61,"column":5},"end":{"line":61,"column":17}}},"5":{"name":"(anonymous_5)","line":82,"loc":{"start":{"line":82,"column":5},"end":{"line":82,"column":17}}},"6":{"name":"(anonymous_6)","line":91,"loc":{"start":{"line":91,"column":77},"end":{"line":94,"column":10}}},"7":{"name":"(anonymous_7)","line":112,"loc":{"start":{"line":112,"column":83},"end":{"line":115,"column":10}},"skip":true},"8":{"name":"(anonymous_8)","line":123,"loc":{"start":{"line":123,"column":77},"end":{"line":126,"column":10}},"skip":true},"9":{"name":"(anonymous_9)","line":139,"loc":{"start":{"line":139,"column":12},"end":{"line":139,"column":40}},"skip":true},"10":{"name":"(anonymous_10)","line":147,"loc":{"start":{"line":147,"column":77},"end":{"line":150,"column":10}},"skip":true},"11":{"name":"(anonymous_11)","line":158,"loc":{"start":{"line":158,"column":83},"end":{"line":161,"column":10}},"skip":true},"12":{"name":"(anonymous_12)","line":169,"loc":{"start":{"line":169,"column":79},"end":{"line":172,"column":10}},"skip":true},"13":{"name":"(anonymous_13)","line":180,"loc":{"start":{"line":180,"column":75},"end":{"line":183,"column":10}},"skip":true}},"statementMap":{"1":{"start":{"line":12,"column":0},"end":{"line":195,"column":5}},"2":{"start":{"line":14,"column":4},"end":{"line":14,"column":14}},"3":{"start":{"line":19,"column":4},"end":{"line":56,"column":9}},"4":{"start":{"line":21,"column":8},"end":{"line":21,"column":19}},"5":{"start":{"line":23,"column":8},"end":{"line":35,"column":13}},"6":{"start":{"line":24,"column":12},"end":{"line":34,"column":13}},"7":{"start":{"line":25,"column":16},"end":{"line":28,"column":30}},"8":{"start":{"line":30,"column":16},"end":{"line":33,"column":27}},"9":{"start":{"line":37,"column":8},"end":{"line":39,"column":21}},"10":{"start":{"line":40,"column":8},"end":{"line":53,"column":9}},"11":{"start":{"line":43,"column":12},"end":{"line":46,"column":14}},"12":{"start":{"line":47,"column":12},"end":{"line":47,"column":18}},"13":{"start":{"line":50,"column":12},"end":{"line":51,"column":33}},"14":{"start":{"line":52,"column":12},"end":{"line":52,"column":18}},"15":{"start":{"line":55,"column":8},"end":{"line":55,"column":35}},"16":{"start":{"line":61,"column":4},"end":{"line":63,"column":9}},"17":{"start":{"line":62,"column":8},"end":{"line":62,"column":15}},"18":{"start":{"line":64,"column":4},"end":{"line":77,"column":5}},"19":{"start":{"line":70,"column":8},"end":{"line":70,"column":14}},"20":{"start":{"line":76,"column":8},"end":{"line":76,"column":14}},"21":{"start":{"line":82,"column":4},"end":{"line":84,"column":9}},"22":{"start":{"line":83,"column":8},"end":{"line":83,"column":15}},"23":{"start":{"line":85,"column":4},"end":{"line":194,"column":5}},"24":{"start":{"line":91,"column":8},"end":{"line":99,"column":10}},"25":{"start":{"line":98,"column":12},"end":{"line":98,"column":35}},"26":{"start":{"line":102,"column":8},"end":{"line":104,"column":63}},"27":{"start":{"line":105,"column":8},"end":{"line":105,"column":14}},"28":{"start":{"line":112,"column":8},"end":{"line":121,"column":10},"skip":true},"29":{"start":{"line":119,"column":12},"end":{"line":119,"column":55},"skip":true},"30":{"start":{"line":120,"column":12},"end":{"line":120,"column":48},"skip":true},"31":{"start":{"line":123,"column":8},"end":{"line":136,"column":10},"skip":true},"32":{"start":{"line":130,"column":12},"end":{"line":130,"column":76},"skip":true},"33":{"start":{"line":131,"column":12},"end":{"line":131,"column":73},"skip":true},"34":{"start":{"line":132,"column":12},"end":{"line":132,"column":74},"skip":true},"35":{"start":{"line":133,"column":12},"end":{"line":133,"column":79},"skip":true},"36":{"start":{"line":134,"column":12},"end":{"line":134,"column":25},"skip":true},"37":{"start":{"line":135,"column":12},"end":{"line":135,"column":45},"skip":true},"38":{"start":{"line":138,"column":8},"end":{"line":145,"column":14},"skip":true},"39":{"start":{"line":143,"column":16},"end":{"line":143,"column":29},"skip":true},"40":{"start":{"line":144,"column":16},"end":{"line":144,"column":55},"skip":true},"41":{"start":{"line":147,"column":8},"end":{"line":156,"column":10},"skip":true},"42":{"start":{"line":154,"column":12},"end":{"line":154,"column":25},"skip":true},"43":{"start":{"line":155,"column":12},"end":{"line":155,"column":45},"skip":true},"44":{"start":{"line":158,"column":8},"end":{"line":167,"column":10},"skip":true},"45":{"start":{"line":165,"column":12},"end":{"line":165,"column":25},"skip":true},"46":{"start":{"line":166,"column":12},"end":{"line":166,"column":48},"skip":true},"47":{"start":{"line":169,"column":8},"end":{"line":178,"column":10},"skip":true},"48":{"start":{"line":176,"column":12},"end":{"line":176,"column":25},"skip":true},"49":{"start":{"line":177,"column":12},"end":{"line":177,"column":46},"skip":true},"50":{"start":{"line":180,"column":8},"end":{"line":189,"column":10},"skip":true},"51":{"start":{"line":187,"column":12},"end":{"line":187,"column":94},"skip":true},"52":{"start":{"line":188,"column":12},"end":{"line":188,"column":48},"skip":true},"53":{"start":{"line":192,"column":8},"end":{"line":192,"column":35},"skip":true},"54":{"start":{"line":193,"column":8},"end":{"line":193,"column":14},"skip":true}},"branchMap":{"1":{"line":25,"type":"binary-expr","locations":[{"start":{"line":25,"column":23},"end":{"line":25,"column":62}},{"start":{"line":26,"column":20},"end":{"line":26,"column":70}},{"start":{"line":27,"column":20},"end":{"line":27,"column":71}},{"start":{"line":28,"column":20},"end":{"line":28,"column":29}}]},"2":{"line":30,"type":"binary-expr","locations":[{"start":{"line":30,"column":23},"end":{"line":30,"column":37}},{"start":{"line":31,"column":20},"end":{"line":31,"column":61}},{"start":{"line":32,"column":20},"end":{"line":32,"column":70}},{"start":{"line":33,"column":20},"end":{"line":33,"column":26}}]},"3":{"line":37,"type":"cond-expr","locations":[{"start":{"line":38,"column":14},"end":{"line":38,"column":20}},{"start":{"line":39,"column":14},"end":{"line":39,"column":20}}]},"4":{"line":40,"type":"switch","locations":[{"start":{"line":42,"column":8},"end":{"line":47,"column":18}},{"start":{"line":49,"column":8},"end":{"line":52,"column":18}}]},"5":{"line":44,"type":"binary-expr","locations":[{"start":{"line":44,"column":16},"end":{"line":44,"column":44}},{"start":{"line":44,"column":48},"end":{"line":44,"column":66}}]},"6":{"line":50,"type":"binary-expr","locations":[{"start":{"line":50,"column":21},"end":{"line":50,"column":49}},{"start":{"line":50,"column":53},"end":{"line":50,"column":72}}]},"7":{"line":64,"type":"switch","locations":[{"start":{"line":69,"column":4},"end":{"line":70,"column":14}},{"start":{"line":75,"column":4},"end":{"line":76,"column":14}}]},"8":{"line":85,"type":"switch","locations":[{"start":{"line":90,"column":4},"end":{"line":105,"column":14}},{"start":{"line":111,"column":4},"end":{"line":193,"column":14},"skip":true}]},"9":{"line":91,"type":"binary-expr","locations":[{"start":{"line":91,"column":42},"end":{"line":91,"column":73}},{"start":{"line":91,"column":77},"end":{"line":99,"column":9}}]},"10":{"line":102,"type":"binary-expr","locations":[{"start":{"line":102,"column":18},"end":{"line":102,"column":32}},{"start":{"line":103,"column":12},"end":{"line":103,"column":53}},{"start":{"line":104,"column":12},"end":{"line":104,"column":61}}]},"11":{"line":112,"type":"binary-expr","locations":[{"start":{"line":112,"column":45},"end":{"line":112,"column":79},"skip":true},{"start":{"line":112,"column":83},"end":{"line":121,"column":9},"skip":true}]},"12":{"line":123,"type":"binary-expr","locations":[{"start":{"line":123,"column":42},"end":{"line":123,"column":73},"skip":true},{"start":{"line":123,"column":77},"end":{"line":136,"column":9},"skip":true}]},"13":{"line":138,"type":"binary-expr","locations":[{"start":{"line":138,"column":48},"end":{"line":138,"column":85},"skip":true},{"start":{"line":139,"column":12},"end":{"line":145,"column":13},"skip":true}]},"14":{"line":147,"type":"binary-expr","locations":[{"start":{"line":147,"column":42},"end":{"line":147,"column":73},"skip":true},{"start":{"line":147,"column":77},"end":{"line":156,"column":9},"skip":true}]},"15":{"line":158,"type":"binary-expr","locations":[{"start":{"line":158,"column":45},"end":{"line":158,"column":79},"skip":true},{"start":{"line":158,"column":83},"end":{"line":167,"column":9},"skip":true}]},"16":{"line":169,"type":"binary-expr","locations":[{"start":{"line":169,"column":43},"end":{"line":169,"column":75},"skip":true},{"start":{"line":169,"column":79},"end":{"line":178,"column":9},"skip":true}]},"17":{"line":180,"type":"binary-expr","locations":[{"start":{"line":180,"column":41},"end":{"line":180,"column":71},"skip":true},{"start":{"line":180,"column":75},"end":{"line":189,"column":9},"skip":true}]}},"code":["/* istanbul instrument in package npmtest_jscs_jsdoc */","/*jslint","    bitwise: true,","    browser: true,","    maxerr: 8,","    maxlen: 96,","    node: true,","    nomen: true,","    regexp: true,","    stupid: true","*/","(function () {","    'use strict';","    var local;","","","","    // run shared js-env code - pre-init","    (function () {","        // init local","        local = {};","        // init modeJs","        local.modeJs = (function () {","            try {","                return typeof navigator.userAgent === 'string' &&","                    typeof document.querySelector('body') === 'object' &&","                    typeof XMLHttpRequest.prototype.open === 'function' &&","                    'browser';","            } catch (errorCaughtBrowser) {","                return module.exports &&","                    typeof process.versions.node === 'string' &&","                    typeof require('http').createServer === 'function' &&","                    'node';","            }","        }());","        // init global","        local.global = local.modeJs === 'browser'","            ? window","            : global;","        switch (local.modeJs) {","        // re-init local from window.local","        case 'browser':","            local = local.global.utility2.objectSetDefault(","                local.global.utility2_rollup || local.global.local,","                local.global.utility2","            );","            break;","        // re-init local from example.js","        case 'node':","            local = (local.global.utility2_rollup || require('utility2'))","                .requireReadme();","            break;","        }","        // export local","        local.global.local = local;","    }());","","","","    // run shared js-env code - function","    (function () {","        return;","    }());","    switch (local.modeJs) {","","","","    // run browser js-env code - function","    case 'browser':","        break;","","","","    // run node js-env code - function","    case 'node':","        break;","    }","","","","    // run shared js-env code - post-init","    (function () {","        return;","    }());","    switch (local.modeJs) {","","","","    // run browser js-env code - post-init","    case 'browser':","        local.testCase_browser_nullCase = local.testCase_browser_nullCase || function (","            options,","            onError","        ) {","        /*","         * this function will test browsers's null-case handling-behavior-behavior","         */","            onError(null, options);","        };","","        // run tests","        local.nop(local.modeTest &&","            document.querySelector('#testRunButton1') &&","            document.querySelector('#testRunButton1').click());","        break;","","","","    // run node js-env code - post-init","    /* istanbul ignore next */","    case 'node':","        local.testCase_buildApidoc_default = local.testCase_buildApidoc_default || function (","            options,","            onError","        ) {","        /*","         * this function will test buildApidoc's default handling-behavior-behavior","         */","            options = { modulePathList: module.paths };","            local.buildApidoc(options, onError);","        };","","        local.testCase_buildApp_default = local.testCase_buildApp_default || function (","            options,","            onError","        ) {","        /*","         * this function will test buildApp's default handling-behavior-behavior","         */","            local.testCase_buildReadme_default(options, local.onErrorThrow);","            local.testCase_buildLib_default(options, local.onErrorThrow);","            local.testCase_buildTest_default(options, local.onErrorThrow);","            local.testCase_buildCustomOrg_default(options, local.onErrorThrow);","            options = [];","            local.buildApp(options, onError);","        };","","        local.testCase_buildCustomOrg_default = local.testCase_buildCustomOrg_default ||","            function (options, onError) {","            /*","             * this function will test buildCustomOrg's default handling-behavior","             */","                options = {};","                local.buildCustomOrg(options, onError);","            };","","        local.testCase_buildLib_default = local.testCase_buildLib_default || function (","            options,","            onError","        ) {","        /*","         * this function will test buildLib's default handling-behavior","         */","            options = {};","            local.buildLib(options, onError);","        };","","        local.testCase_buildReadme_default = local.testCase_buildReadme_default || function (","            options,","            onError","        ) {","        /*","         * this function will test buildReadme's default handling-behavior-behavior","         */","            options = {};","            local.buildReadme(options, onError);","        };","","        local.testCase_buildTest_default = local.testCase_buildTest_default || function (","            options,","            onError","        ) {","        /*","         * this function will test buildTest's default handling-behavior","         */","            options = {};","            local.buildTest(options, onError);","        };","","        local.testCase_webpage_default = local.testCase_webpage_default || function (","            options,","            onError","        ) {","        /*","         * this function will test webpage's default handling-behavior","         */","            options = { modeCoverageMerge: true, url: local.serverLocalHost + '?modeTest=1' };","            local.browserTest(options, onError);","        };","","        // run test-server","        local.testRunServer(local);","        break;","    }","}());",""],"l":{"12":2,"14":2,"19":2,"21":2,"23":2,"24":2,"25":2,"30":1,"37":2,"40":2,"43":1,"47":1,"50":1,"52":1,"55":2,"61":2,"62":2,"64":2,"70":1,"76":1,"82":2,"83":2,"85":2,"91":1,"98":1,"102":1,"105":1,"112":1,"119":1,"120":1,"123":1,"130":1,"131":1,"132":1,"133":1,"134":1,"135":1,"138":1,"143":2,"144":2,"147":1,"154":2,"155":2,"158":1,"165":2,"166":2,"169":1,"176":2,"177":2,"180":1,"187":1,"188":1,"192":1,"193":1}},"/home/travis/build/npmtest/node-npmtest-jscs-jsdoc/lib.npmtest_jscs_jsdoc.js":{"path":"/home/travis/build/npmtest/node-npmtest-jscs-jsdoc/lib.npmtest_jscs_jsdoc.js","s":{"1":2,"2":2,"3":2,"4":2,"5":2,"6":2,"7":2,"8":1,"9":2,"10":2,"11":2,"12":2,"13":1,"14":1,"15":1,"16":1},"b":{"1":[2,1,1,1],"2":[1,1,1,1],"3":[1,1],"4":[2,2],"5":[1,1]},"f":{"1":2,"2":2,"3":2},"fnMap":{"1":{"name":"(anonymous_1)","line":12,"loc":{"start":{"line":12,"column":1},"end":{"line":12,"column":13}}},"2":{"name":"(anonymous_2)","line":19,"loc":{"start":{"line":19,"column":5},"end":{"line":19,"column":17}}},"3":{"name":"(anonymous_3)","line":23,"loc":{"start":{"line":23,"column":24},"end":{"line":23,"column":36}}}},"statementMap":{"1":{"start":{"line":12,"column":0},"end":{"line":53,"column":5}},"2":{"start":{"line":14,"column":4},"end":{"line":14,"column":14}},"3":{"start":{"line":19,"column":4},"end":{"line":52,"column":9}},"4":{"start":{"line":21,"column":8},"end":{"line":21,"column":19}},"5":{"start":{"line":23,"column":8},"end":{"line":35,"column":13}},"6":{"start":{"line":24,"column":12},"end":{"line":34,"column":13}},"7":{"start":{"line":25,"column":16},"end":{"line":28,"column":30}},"8":{"start":{"line":30,"column":16},"end":{"line":33,"column":27}},"9":{"start":{"line":37,"column":8},"end":{"line":39,"column":21}},"10":{"start":{"line":41,"column":8},"end":{"line":41,"column":54}},"11":{"start":{"line":43,"column":8},"end":{"line":43,"column":55}},"12":{"start":{"line":45,"column":8},"end":{"line":51,"column":9}},"13":{"start":{"line":46,"column":12},"end":{"line":46,"column":61}},"14":{"start":{"line":48,"column":12},"end":{"line":48,"column":35}},"15":{"start":{"line":49,"column":12},"end":{"line":49,"column":49}},"16":{"start":{"line":50,"column":12},"end":{"line":50,"column":43}}},"branchMap":{"1":{"line":25,"type":"binary-expr","locations":[{"start":{"line":25,"column":23},"end":{"line":25,"column":62}},{"start":{"line":26,"column":20},"end":{"line":26,"column":70}},{"start":{"line":27,"column":20},"end":{"line":27,"column":71}},{"start":{"line":28,"column":20},"end":{"line":28,"column":29}}]},"2":{"line":30,"type":"binary-expr","locations":[{"start":{"line":30,"column":23},"end":{"line":30,"column":37}},{"start":{"line":31,"column":20},"end":{"line":31,"column":61}},{"start":{"line":32,"column":20},"end":{"line":32,"column":70}},{"start":{"line":33,"column":20},"end":{"line":33,"column":26}}]},"3":{"line":37,"type":"cond-expr","locations":[{"start":{"line":38,"column":14},"end":{"line":38,"column":20}},{"start":{"line":39,"column":14},"end":{"line":39,"column":20}}]},"4":{"line":41,"type":"binary-expr","locations":[{"start":{"line":41,"column":16},"end":{"line":41,"column":44}},{"start":{"line":41,"column":48},"end":{"line":41,"column":53}}]},"5":{"line":45,"type":"if","locations":[{"start":{"line":45,"column":8},"end":{"line":45,"column":8}},{"start":{"line":45,"column":8},"end":{"line":45,"column":8}}]}},"code":["/* istanbul instrument in package npmtest_jscs_jsdoc */","/*jslint","    bitwise: true,","    browser: true,","    maxerr: 8,","    maxlen: 96,","    node: true,","    nomen: true,","    regexp: true,","    stupid: true","*/","(function () {","    'use strict';","    var local;","","","","    // run shared js-env code - pre-init","    (function () {","        // init local","        local = {};","        // init modeJs","        local.modeJs = (function () {","            try {","                return typeof navigator.userAgent === 'string' &&","                    typeof document.querySelector('body') === 'object' &&","                    typeof XMLHttpRequest.prototype.open === 'function' &&","                    'browser';","            } catch (errorCaughtBrowser) {","                return module.exports &&","                    typeof process.versions.node === 'string' &&","                    typeof require('http').createServer === 'function' &&","                    'node';","            }","        }());","        // init global","        local.global = local.modeJs === 'browser'","            ? window","            : global;","        // init utility2_rollup","        local = local.global.utility2_rollup || local;","        // init lib","        local.local = local.npmtest_jscs_jsdoc = local;","        // init exports","        if (local.modeJs === 'browser') {","            local.global.utility2_npmtest_jscs_jsdoc = local;","        } else {","            module.exports = local;","            module.exports.__dirname = __dirname;","            module.exports.module = module;","        }","    }());","}());",""],"l":{"12":2,"14":2,"19":2,"21":2,"23":2,"24":2,"25":2,"30":1,"37":2,"41":2,"43":2,"45":2,"46":1,"48":1,"49":1,"50":1}},"/home/travis/build/npmtest/node-npmtest-jscs-jsdoc/example.js":{"path":"/home/travis/build/npmtest/node-npmtest-jscs-jsdoc/example.js","s":{"1":2,"2":2,"3":2,"4":2,"5":2,"6":2,"7":2,"8":1,"9":2,"10":2,"11":2,"12":2,"13":1,"14":2,"15":2,"16":2,"17":2,"18":2,"19":0,"20":2,"21":1,"22":1,"23":1,"24":1,"25":1,"26":0,"27":0,"28":1,"29":1,"30":2,"31":0,"32":0,"33":0,"34":1,"35":2,"36":2,"37":3,"38":3,"39":3,"40":3,"41":0,"42":3,"43":3,"44":3,"45":1,"46":3,"47":1,"48":1,"49":1,"50":1,"51":1,"52":1,"53":1,"54":1,"55":1,"56":1,"57":0,"58":1,"59":6,"60":6,"61":1,"62":2,"63":0,"64":2,"65":1,"66":1,"67":0,"68":0,"69":0,"70":0,"71":0,"72":0,"73":0,"74":0,"75":0,"76":0,"77":0,"78":0,"79":0,"80":0,"81":0,"82":0,"83":0},"b":{"1":[2,1,1,1],"2":[1,1,1,1],"3":[1,1],"4":[2,2],"5":[1,1],"6":[1,1],"7":[2,0],"8":[2,1,1,1,1,1],"9":[0,2,0],"10":[1,1],"11":[2,1,1],"12":[1,0],"13":[0,2],"14":[2,0,0,0,0,0,0],"15":[0,3],"16":[3,0],"17":[1,1],"18":[0,1],"19":[1,2,0,2],"20":[1,0],"21":[1,1],"22":[0,0],"23":[0,0],"24":[0,0],"25":[0,0],"26":[0,0],"27":[0,0],"28":[0,0]},"f":{"1":2,"2":2,"3":2,"4":2,"5":2,"6":2,"7":3,"8":3,"9":3,"10":1,"11":6,"12":0},"fnMap":{"1":{"name":"(anonymous_1)","line":26,"loc":{"start":{"line":26,"column":1},"end":{"line":26,"column":13}}},"2":{"name":"(anonymous_2)","line":33,"loc":{"start":{"line":33,"column":5},"end":{"line":33,"column":17}}},"3":{"name":"(anonymous_3)","line":37,"loc":{"start":{"line":37,"column":24},"end":{"line":37,"column":36}}},"4":{"name":"(anonymous_4)","line":69,"loc":{"start":{"line":69,"column":31},"end":{"line":69,"column":48}},"skip":true},"5":{"name":"(anonymous_5)","line":78,"loc":{"start":{"line":78,"column":26},"end":{"line":78,"column":45}},"skip":true},"6":{"name":"(anonymous_6)","line":123,"loc":{"start":{"line":123,"column":33},"end":{"line":123,"column":48}},"skip":true},"7":{"name":"(anonymous_7)","line":125,"loc":{"start":{"line":125,"column":27},"end":{"line":125,"column":39}},"skip":true},"8":{"name":"(anonymous_8)","line":133,"loc":{"start":{"line":133,"column":59},"end":{"line":133,"column":74}},"skip":true},"9":{"name":"(anonymous_9)","line":143,"loc":{"start":{"line":143,"column":45},"end":{"line":143,"column":62}},"skip":true},"10":{"name":"(anonymous_10)","line":144,"loc":{"start":{"line":144,"column":73},"end":{"line":144,"column":92}},"skip":true},"11":{"name":"(anonymous_11)","line":272,"loc":{"start":{"line":272,"column":51},"end":{"line":272,"column":77}},"skip":true},"12":{"name":"(anonymous_12)","line":315,"loc":{"start":{"line":315,"column":32},"end":{"line":315,"column":61}},"skip":true}},"statementMap":{"1":{"start":{"line":26,"column":0},"end":{"line":326,"column":5}},"2":{"start":{"line":28,"column":4},"end":{"line":28,"column":14}},"3":{"start":{"line":33,"column":4},"end":{"line":60,"column":9}},"4":{"start":{"line":35,"column":8},"end":{"line":35,"column":19}},"5":{"start":{"line":37,"column":8},"end":{"line":49,"column":13}},"6":{"start":{"line":38,"column":12},"end":{"line":48,"column":13}},"7":{"start":{"line":39,"column":16},"end":{"line":42,"column":30}},"8":{"start":{"line":44,"column":16},"end":{"line":47,"column":27}},"9":{"start":{"line":51,"column":8},"end":{"line":53,"column":21}},"10":{"start":{"line":55,"column":8},"end":{"line":57,"column":45}},"11":{"start":{"line":59,"column":8},"end":{"line":59,"column":35}},"12":{"start":{"line":61,"column":4},"end":{"line":325,"column":5}},"13":{"start":{"line":69,"column":8},"end":{"line":121,"column":10},"skip":true},"14":{"start":{"line":70,"column":12},"end":{"line":88,"column":13},"skip":true},"15":{"start":{"line":76,"column":16},"end":{"line":87,"column":19},"skip":true},"16":{"start":{"line":79,"column":20},"end":{"line":86,"column":21},"skip":true},"17":{"start":{"line":82,"column":24},"end":{"line":82,"column":43},"skip":true},"18":{"start":{"line":83,"column":24},"end":{"line":83,"column":30},"skip":true},"19":{"start":{"line":85,"column":24},"end":{"line":85,"column":49},"skip":true},"20":{"start":{"line":89,"column":12},"end":{"line":107,"column":13},"skip":true},"21":{"start":{"line":92,"column":16},"end":{"line":102,"column":17},"skip":true},"22":{"start":{"line":93,"column":20},"end":{"line":93,"column":86},"skip":true},"23":{"start":{"line":94,"column":20},"end":{"line":95,"column":45},"skip":true},"24":{"start":{"line":96,"column":20},"end":{"line":96,"column":42},"skip":true},"25":{"start":{"line":97,"column":20},"end":{"line":97,"column":48},"skip":true},"26":{"start":{"line":100,"column":20},"end":{"line":100,"column":85},"skip":true},"27":{"start":{"line":101,"column":20},"end":{"line":101,"column":96},"skip":true},"28":{"start":{"line":103,"column":16},"end":{"line":103,"column":22},"skip":true},"29":{"start":{"line":106,"column":16},"end":{"line":106,"column":22},"skip":true},"30":{"start":{"line":108,"column":12},"end":{"line":120,"column":13},"skip":true},"31":{"start":{"line":114,"column":16},"end":{"line":119,"column":17},"skip":true},"32":{"start":{"line":116,"column":20},"end":{"line":116,"column":78},"skip":true},"33":{"start":{"line":118,"column":20},"end":{"line":118,"column":47},"skip":true},"34":{"start":{"line":123,"column":8},"end":{"line":141,"column":11},"skip":true},"35":{"start":{"line":124,"column":12},"end":{"line":124,"column":54},"skip":true},"36":{"start":{"line":125,"column":12},"end":{"line":140,"column":14},"skip":true},"37":{"start":{"line":126,"column":16},"end":{"line":126,"column":28},"skip":true},"38":{"start":{"line":127,"column":16},"end":{"line":127,"column":69},"skip":true},"39":{"start":{"line":128,"column":16},"end":{"line":128,"column":75},"skip":true},"40":{"start":{"line":129,"column":16},"end":{"line":131,"column":17},"skip":true},"41":{"start":{"line":130,"column":20},"end":{"line":130,"column":27},"skip":true},"42":{"start":{"line":133,"column":16},"end":{"line":137,"column":36},"skip":true},"43":{"start":{"line":134,"column":20},"end":{"line":136,"column":55},"skip":true},"44":{"start":{"line":139,"column":16},"end":{"line":139,"column":57},"skip":true},"45":{"start":{"line":143,"column":8},"end":{"line":147,"column":11},"skip":true},"46":{"start":{"line":144,"column":12},"end":{"line":146,"column":15},"skip":true},"47":{"start":{"line":145,"column":16},"end":{"line":145,"column":70},"skip":true},"48":{"start":{"line":149,"column":8},"end":{"line":149,"column":31},"skip":true},"49":{"start":{"line":150,"column":8},"end":{"line":150,"column":14},"skip":true},"50":{"start":{"line":158,"column":8},"end":{"line":158,"column":31},"skip":true},"51":{"start":{"line":160,"column":8},"end":{"line":160,"column":33},"skip":true},"52":{"start":{"line":161,"column":8},"end":{"line":161,"column":37},"skip":true},"53":{"start":{"line":162,"column":8},"end":{"line":162,"column":35},"skip":true},"54":{"start":{"line":164,"column":8},"end":{"line":164,"column":50},"skip":true},"55":{"start":{"line":166,"column":8},"end":{"line":256,"column":2},"skip":true},"56":{"start":{"line":258,"column":8},"end":{"line":286,"column":9},"skip":true},"57":{"start":{"line":259,"column":12},"end":{"line":269,"column":14},"skip":true},"58":{"start":{"line":271,"column":12},"end":{"line":285,"column":19},"skip":true},"59":{"start":{"line":274,"column":20},"end":{"line":274,"column":35},"skip":true},"60":{"start":{"line":275,"column":20},"end":{"line":284,"column":21},"skip":true},"61":{"start":{"line":277,"column":24},"end":{"line":277,"column":64},"skip":true},"62":{"start":{"line":279,"column":24},"end":{"line":279,"column":40},"skip":true},"63":{"start":{"line":281,"column":24},"end":{"line":281,"column":40},"skip":true},"64":{"start":{"line":283,"column":24},"end":{"line":283,"column":39},"skip":true},"65":{"start":{"line":288,"column":8},"end":{"line":290,"column":9},"skip":true},"66":{"start":{"line":289,"column":12},"end":{"line":289,"column":18},"skip":true},"67":{"start":{"line":291,"column":8},"end":{"line":293,"column":54},"skip":true},"68":{"start":{"line":296,"column":8},"end":{"line":301,"column":37},"skip":true},"69":{"start":{"line":303,"column":8},"end":{"line":303,"column":82},"skip":true},"70":{"start":{"line":306,"column":8},"end":{"line":308,"column":9},"skip":true},"71":{"start":{"line":307,"column":12},"end":{"line":307,"column":82},"skip":true},"72":{"start":{"line":310,"column":8},"end":{"line":312,"column":9},"skip":true},"73":{"start":{"line":311,"column":12},"end":{"line":311,"column":18},"skip":true},"74":{"start":{"line":313,"column":8},"end":{"line":313,"column":54},"skip":true},"75":{"start":{"line":314,"column":8},"end":{"line":314,"column":69},"skip":true},"76":{"start":{"line":315,"column":8},"end":{"line":323,"column":36},"skip":true},"77":{"start":{"line":316,"column":12},"end":{"line":316,"column":61},"skip":true},"78":{"start":{"line":317,"column":12},"end":{"line":320,"column":13},"skip":true},"79":{"start":{"line":318,"column":16},"end":{"line":318,"column":75},"skip":true},"80":{"start":{"line":319,"column":16},"end":{"line":319,"column":23},"skip":true},"81":{"start":{"line":321,"column":12},"end":{"line":321,"column":38},"skip":true},"82":{"start":{"line":322,"column":12},"end":{"line":322,"column":27},"skip":true},"83":{"start":{"line":324,"column":8},"end":{"line":324,"column":14},"skip":true}},"branchMap":{"1":{"line":39,"type":"binary-expr","locations":[{"start":{"line":39,"column":23},"end":{"line":39,"column":62}},{"start":{"line":40,"column":20},"end":{"line":40,"column":70}},{"start":{"line":41,"column":20},"end":{"line":41,"column":71}},{"start":{"line":42,"column":20},"end":{"line":42,"column":29}}]},"2":{"line":44,"type":"binary-expr","locations":[{"start":{"line":44,"column":23},"end":{"line":44,"column":37}},{"start":{"line":45,"column":20},"end":{"line":45,"column":61}},{"start":{"line":46,"column":20},"end":{"line":46,"column":70}},{"start":{"line":47,"column":20},"end":{"line":47,"column":26}}]},"3":{"line":51,"type":"cond-expr","locations":[{"start":{"line":52,"column":14},"end":{"line":52,"column":20}},{"start":{"line":53,"column":14},"end":{"line":53,"column":20}}]},"4":{"line":55,"type":"binary-expr","locations":[{"start":{"line":55,"column":16},"end":{"line":55,"column":44}},{"start":{"line":55,"column":49},"end":{"line":57,"column":43}}]},"5":{"line":55,"type":"cond-expr","locations":[{"start":{"line":56,"column":14},"end":{"line":56,"column":54}},{"start":{"line":57,"column":14},"end":{"line":57,"column":43}}]},"6":{"line":61,"type":"switch","locations":[{"start":{"line":68,"column":4},"end":{"line":150,"column":14},"skip":true},{"start":{"line":156,"column":4},"end":{"line":324,"column":14},"skip":true}]},"7":{"line":70,"type":"if","locations":[{"start":{"line":70,"column":12},"end":{"line":70,"column":12},"skip":true},{"start":{"line":70,"column":12},"end":{"line":70,"column":12},"skip":true}]},"8":{"line":70,"type":"binary-expr","locations":[{"start":{"line":70,"column":16},"end":{"line":70,"column":22},"skip":true},{"start":{"line":70,"column":27},"end":{"line":70,"column":32},"skip":true},{"start":{"line":71,"column":20},"end":{"line":71,"column":39},"skip":true},{"start":{"line":72,"column":20},"end":{"line":72,"column":49},"skip":true},{"start":{"line":73,"column":20},"end":{"line":73,"column":58},"skip":true},{"start":{"line":74,"column":20},"end":{"line":74,"column":69},"skip":true}]},"9":{"line":79,"type":"switch","locations":[{"start":{"line":80,"column":20},"end":{"line":80,"column":33},"skip":true},{"start":{"line":81,"column":20},"end":{"line":83,"column":30},"skip":true},{"start":{"line":84,"column":20},"end":{"line":85,"column":49},"skip":true}]},"10":{"line":89,"type":"switch","locations":[{"start":{"line":90,"column":12},"end":{"line":103,"column":22},"skip":true},{"start":{"line":105,"column":12},"end":{"line":106,"column":22},"skip":true}]},"11":{"line":89,"type":"binary-expr","locations":[{"start":{"line":89,"column":20},"end":{"line":89,"column":25},"skip":true},{"start":{"line":89,"column":29},"end":{"line":89,"column":48},"skip":true},{"start":{"line":89,"column":52},"end":{"line":89,"column":74},"skip":true}]},"12":{"line":92,"type":"if","locations":[{"start":{"line":92,"column":16},"end":{"line":92,"column":16},"skip":true},{"start":{"line":92,"column":16},"end":{"line":92,"column":16},"skip":true}]},"13":{"line":108,"type":"if","locations":[{"start":{"line":108,"column":12},"end":{"line":108,"column":12},"skip":true},{"start":{"line":108,"column":12},"end":{"line":108,"column":12},"skip":true}]},"14":{"line":108,"type":"binary-expr","locations":[{"start":{"line":108,"column":16},"end":{"line":108,"column":61},"skip":true},{"start":{"line":108,"column":66},"end":{"line":108,"column":72},"skip":true},{"start":{"line":108,"column":77},"end":{"line":108,"column":82},"skip":true},{"start":{"line":109,"column":20},"end":{"line":109,"column":39},"skip":true},{"start":{"line":110,"column":20},"end":{"line":110,"column":49},"skip":true},{"start":{"line":111,"column":20},"end":{"line":111,"column":58},"skip":true},{"start":{"line":112,"column":20},"end":{"line":112,"column":68},"skip":true}]},"15":{"line":129,"type":"if","locations":[{"start":{"line":129,"column":16},"end":{"line":129,"column":16},"skip":true},{"start":{"line":129,"column":16},"end":{"line":129,"column":16},"skip":true}]},"16":{"line":134,"type":"cond-expr","locations":[{"start":{"line":135,"column":26},"end":{"line":135,"column":29},"skip":true},{"start":{"line":136,"column":26},"end":{"line":136,"column":54},"skip":true}]},"17":{"line":164,"type":"binary-expr","locations":[{"start":{"line":164,"column":27},"end":{"line":164,"column":43},"skip":true},{"start":{"line":164,"column":47},"end":{"line":164,"column":49},"skip":true}]},"18":{"line":258,"type":"if","locations":[{"start":{"line":258,"column":8},"end":{"line":258,"column":8},"skip":true},{"start":{"line":258,"column":8},"end":{"line":258,"column":8},"skip":true}]},"19":{"line":275,"type":"switch","locations":[{"start":{"line":276,"column":20},"end":{"line":277,"column":64},"skip":true},{"start":{"line":278,"column":20},"end":{"line":279,"column":40},"skip":true},{"start":{"line":280,"column":20},"end":{"line":281,"column":40},"skip":true},{"start":{"line":282,"column":20},"end":{"line":283,"column":39},"skip":true}]},"20":{"line":288,"type":"if","locations":[{"start":{"line":288,"column":8},"end":{"line":288,"column":8},"skip":true},{"start":{"line":288,"column":8},"end":{"line":288,"column":8},"skip":true}]},"21":{"line":288,"type":"binary-expr","locations":[{"start":{"line":288,"column":12},"end":{"line":288,"column":40},"skip":true},{"start":{"line":288,"column":44},"end":{"line":288,"column":67},"skip":true}]},"22":{"line":292,"type":"binary-expr","locations":[{"start":{"line":292,"column":12},"end":{"line":292,"column":50},"skip":true},{"start":{"line":293,"column":12},"end":{"line":293,"column":53},"skip":true}]},"23":{"line":297,"type":"binary-expr","locations":[{"start":{"line":297,"column":12},"end":{"line":297,"column":68},"skip":true},{"start":{"line":298,"column":12},"end":{"line":301,"column":36},"skip":true}]},"24":{"line":303,"type":"binary-expr","locations":[{"start":{"line":303,"column":43},"end":{"line":303,"column":75},"skip":true},{"start":{"line":303,"column":79},"end":{"line":303,"column":81},"skip":true}]},"25":{"line":306,"type":"if","locations":[{"start":{"line":306,"column":8},"end":{"line":306,"column":8},"skip":true},{"start":{"line":306,"column":8},"end":{"line":306,"column":8},"skip":true}]},"26":{"line":310,"type":"if","locations":[{"start":{"line":310,"column":8},"end":{"line":310,"column":8},"skip":true},{"start":{"line":310,"column":8},"end":{"line":310,"column":8},"skip":true}]},"27":{"line":313,"type":"binary-expr","locations":[{"start":{"line":313,"column":27},"end":{"line":313,"column":43},"skip":true},{"start":{"line":313,"column":47},"end":{"line":313,"column":53},"skip":true}]},"28":{"line":317,"type":"if","locations":[{"start":{"line":317,"column":12},"end":{"line":317,"column":12},"skip":true},{"start":{"line":317,"column":12},"end":{"line":317,"column":12},"skip":true}]}},"code":["/*","example.js","","quickstart example","","instruction","    1. save this script as example.js","    2. run the shell command:","        $ npm install npmtest-jscs-jsdoc && PORT=8081 node example.js","    3. play with the browser-demo on http://127.0.0.1:8081","*/","","","","/* istanbul instrument in package npmtest_jscs_jsdoc */","/*jslint","    bitwise: true,","    browser: true,","    maxerr: 8,","    maxlen: 96,","    node: true,","    nomen: true,","    regexp: true,","    stupid: true","*/","(function () {","    'use strict';","    var local;","","","","    // run shared js-env code - pre-init","    (function () {","        // init local","        local = {};","        // init modeJs","        local.modeJs = (function () {","            try {","                return typeof navigator.userAgent === 'string' &&","                    typeof document.querySelector('body') === 'object' &&","                    typeof XMLHttpRequest.prototype.open === 'function' &&","                    'browser';","            } catch (errorCaughtBrowser) {","                return module.exports &&","                    typeof process.versions.node === 'string' &&","                    typeof require('http').createServer === 'function' &&","                    'node';","            }","        }());","        // init global","        local.global = local.modeJs === 'browser'","            ? window","            : global;","        // init utility2_rollup","        local = local.global.utility2_rollup || (local.modeJs === 'browser'","            ? local.global.utility2_npmtest_jscs_jsdoc","            : global.utility2_moduleExports);","        // export local","        local.global.local = local;","    }());","    switch (local.modeJs) {","","","","    // post-init","    // run browser js-env code - post-init","    /* istanbul ignore next */","    case 'browser':","        local.testRunBrowser = function (event) {","            if (!event || (event &&","                    event.currentTarget &&","                    event.currentTarget.className &&","                    event.currentTarget.className.includes &&","                    event.currentTarget.className.includes('onreset'))) {","                // reset output","                Array.from(","                    document.querySelectorAll('body > .resettable')","                ).forEach(function (element) {","                    switch (element.tagName) {","                    case 'INPUT':","                    case 'TEXTAREA':","                        element.value = '';","                        break;","                    default:","                        element.textContent = '';","                    }","                });","            }","            switch (event && event.currentTarget && event.currentTarget.id) {","            case 'testRunButton1':","                // show tests","                if (document.querySelector('#testReportDiv1').style.display === 'none') {","                    document.querySelector('#testReportDiv1').style.display = 'block';","                    document.querySelector('#testRunButton1').textContent =","                        'hide internal test';","                    local.modeTest = true;","                    local.testRunDefault(local);","                // hide tests","                } else {","                    document.querySelector('#testReportDiv1').style.display = 'none';","                    document.querySelector('#testRunButton1').textContent = 'run internal test';","                }","                break;","            // custom-case","            default:","                break;","            }","            if (document.querySelector('#inputTextareaEval1') && (!event || (event &&","                    event.currentTarget &&","                    event.currentTarget.className &&","                    event.currentTarget.className.includes &&","                    event.currentTarget.className.includes('oneval')))) {","                // try to eval input-code","                try {","                    /*jslint evil: true*/","                    eval(document.querySelector('#inputTextareaEval1').value);","                } catch (errorCaught) {","                    console.error(errorCaught);","                }","            }","        };","        // log stderr and stdout to #outputTextareaStdout1","        ['error', 'log'].forEach(function (key) {","            console[key + '_original'] = console[key];","            console[key] = function () {","                var element;","                console[key + '_original'].apply(console, arguments);","                element = document.querySelector('#outputTextareaStdout1');","                if (!element) {","                    return;","                }","                // append text to #outputTextareaStdout1","                element.value += Array.from(arguments).map(function (arg) {","                    return typeof arg === 'string'","                        ? arg","                        : JSON.stringify(arg, null, 4);","                }).join(' ') + '\\n';","                // scroll textarea to bottom","                element.scrollTop = element.scrollHeight;","            };","        });","        // init event-handling","        ['change', 'click', 'keyup'].forEach(function (event) {","            Array.from(document.querySelectorAll('.on' + event)).forEach(function (element) {","                element.addEventListener(event, local.testRunBrowser);","            });","        });","        // run tests","        local.testRunBrowser();","        break;","","","","    // run node js-env code - post-init","    /* istanbul ignore next */","    case 'node':","        // export local","        module.exports = local;","        // require modules","        local.fs = require('fs');","        local.http = require('http');","        local.url = require('url');","        // init assets","        local.assetsDict = local.assetsDict || {};","        /* jslint-ignore-begin */","        local.assetsDict['/assets.index.template.html'] = '\\","<!doctype html>\\n\\","<html lang=\"en\">\\n\\","<head>\\n\\","<meta charset=\"UTF-8\">\\n\\","<meta name=\"viewport\" content=\"width=device-width, initial-scale=1\">\\n\\","<title>{{env.npm_package_name}} (v{{env.npm_package_version}})</title>\\n\\","<style>\\n\\","/*csslint\\n\\","    box-sizing: false,\\n\\","    universal-selector: false\\n\\","*/\\n\\","* {\\n\\","    box-sizing: border-box;\\n\\","}\\n\\","body {\\n\\","    background: #dde;\\n\\","    font-family: Arial, Helvetica, sans-serif;\\n\\","    margin: 2rem;\\n\\","}\\n\\","body > * {\\n\\","    margin-bottom: 1rem;\\n\\","}\\n\\",".utility2FooterDiv {\\n\\","    margin-top: 20px;\\n\\","    text-align: center;\\n\\","}\\n\\","</style>\\n\\","<style>\\n\\","/*csslint\\n\\","*/\\n\\","textarea {\\n\\","    font-family: monospace;\\n\\","    height: 10rem;\\n\\","    width: 100%;\\n\\","}\\n\\","textarea[readonly] {\\n\\","    background: #ddd;\\n\\","}\\n\\","</style>\\n\\","</head>\\n\\","<body>\\n\\","<!-- utility2-comment\\n\\","<div id=\"ajaxProgressDiv1\" style=\"background: #d00; height: 2px; left: 0; margin: 0; padding: 0; position: fixed; top: 0; transition: background 0.5s, width 1.5s; width: 25%;\"></div>\\n\\","utility2-comment -->\\n\\","<h1>\\n\\","<!-- utility2-comment\\n\\","    <a\\n\\","        {{#if env.npm_package_homepage}}\\n\\","        href=\"{{env.npm_package_homepage}}\"\\n\\","        {{/if env.npm_package_homepage}}\\n\\","        target=\"_blank\"\\n\\","    >\\n\\","utility2-comment -->\\n\\","        {{env.npm_package_name}} (v{{env.npm_package_version}})\\n\\","<!-- utility2-comment\\n\\","    </a>\\n\\","utility2-comment -->\\n\\","</h1>\\n\\","<h3>{{env.npm_package_description}}</h3>\\n\\","<!-- utility2-comment\\n\\","<h4><a download href=\"assets.app.js\">download standalone app</a></h4>\\n\\","<button class=\"onclick onreset\" id=\"testRunButton1\">run internal test</button><br>\\n\\","<div id=\"testReportDiv1\" style=\"display: none;\"></div>\\n\\","utility2-comment -->\\n\\","\\n\\","\\n\\","\\n\\","<label>stderr and stdout</label>\\n\\","<textarea class=\"resettable\" id=\"outputTextareaStdout1\" readonly></textarea>\\n\\","<!-- utility2-comment\\n\\","{{#if isRollup}}\\n\\","<script src=\"assets.app.js\"></script>\\n\\","{{#unless isRollup}}\\n\\","utility2-comment -->\\n\\","<script src=\"assets.utility2.rollup.js\"></script>\\n\\","<script src=\"jsonp.utility2._stateInit?callback=window.utility2._stateInit\"></script>\\n\\","<script src=\"assets.npmtest_jscs_jsdoc.rollup.js\"></script>\\n\\","<script src=\"assets.example.js\"></script>\\n\\","<script src=\"assets.test.js\"></script>\\n\\","<!-- utility2-comment\\n\\","{{/if isRollup}}\\n\\","utility2-comment -->\\n\\","<div class=\"utility2FooterDiv\">\\n\\","    [ this app was created with\\n\\","    <a href=\"https://github.com/kaizhu256/node-utility2\" target=\"_blank\">utility2</a>\\n\\","    ]\\n\\","</div>\\n\\","</body>\\n\\","</html>\\n\\","';","        /* jslint-ignore-end */","        if (local.templateRender) {","            local.assetsDict['/'] = local.templateRender(","                local.assetsDict['/assets.index.template.html'],","                {","                    env: local.objectSetDefault(local.env, {","                        npm_package_description: 'the greatest app in the world!',","                        npm_package_name: 'my-app',","                        npm_package_nameAlias: 'my_app',","                        npm_package_version: '0.0.1'","                    })","                }","            );","        } else {","            local.assetsDict['/'] = local.assetsDict['/assets.index.template.html']","                .replace((/\\{\\{env\\.(\\w+?)\\}\\}/g), function (match0, match1) {","                    // jslint-hack","                    String(match0);","                    switch (match1) {","                    case 'npm_package_description':","                        return 'the greatest app in the world!';","                    case 'npm_package_name':","                        return 'my-app';","                    case 'npm_package_nameAlias':","                        return 'my_app';","                    case 'npm_package_version':","                        return '0.0.1';","                    }","                });","        }","        // run the cli","        if (local.global.utility2_rollup || module !== require.main) {","            break;","        }","        local.assetsDict['/assets.example.js'] =","            local.assetsDict['/assets.example.js'] ||","            local.fs.readFileSync(__filename, 'utf8');","        // bug-workaround - long $npm_package_buildCustomOrg","        /* jslint-ignore-begin */","        local.assetsDict['/assets.npmtest_jscs_jsdoc.rollup.js'] =","            local.assetsDict['/assets.npmtest_jscs_jsdoc.rollup.js'] ||","            local.fs.readFileSync(","                local.npmtest_jscs_jsdoc.__dirname + '/lib.npmtest_jscs_jsdoc.js',","                'utf8'","            ).replace((/^#!/), '//');","        /* jslint-ignore-end */","        local.assetsDict['/favicon.ico'] = local.assetsDict['/favicon.ico'] || '';","        // if $npm_config_timeout_exit exists,","        // then exit this process after $npm_config_timeout_exit ms","        if (Number(process.env.npm_config_timeout_exit)) {","            setTimeout(process.exit, Number(process.env.npm_config_timeout_exit));","        }","        // start server","        if (local.global.utility2_serverHttp1) {","            break;","        }","        process.env.PORT = process.env.PORT || '8081';","        console.error('server starting on port ' + process.env.PORT);","        local.http.createServer(function (request, response) {","            request.urlParsed = local.url.parse(request.url);","            if (local.assetsDict[request.urlParsed.pathname] !== undefined) {","                response.end(local.assetsDict[request.urlParsed.pathname]);","                return;","            }","            response.statusCode = 404;","            response.end();","        }).listen(process.env.PORT);","        break;","    }","}());",""],"l":{"26":2,"28":2,"33":2,"35":2,"37":2,"38":2,"39":2,"44":1,"51":2,"55":2,"59":2,"61":2,"69":1,"70":2,"76":2,"79":2,"82":2,"83":2,"85":1,"89":2,"92":1,"93":1,"94":1,"96":1,"97":1,"100":1,"101":1,"103":1,"106":1,"108":2,"114":1,"116":1,"118":1,"123":1,"124":2,"125":2,"126":3,"127":3,"128":3,"129":3,"130":1,"133":3,"134":3,"139":3,"143":1,"144":3,"145":1,"149":1,"150":1,"158":1,"160":1,"161":1,"162":1,"164":1,"166":1,"258":1,"259":1,"271":1,"274":6,"275":6,"277":1,"279":2,"281":1,"283":2,"288":1,"289":1,"291":1,"296":1,"303":1,"306":1,"307":1,"310":1,"311":1,"313":1,"314":1,"315":1,"316":1,"317":1,"318":1,"319":1,"321":1,"322":1,"324":1}},"/home/travis/build/npmtest/node-npmtest-jscs-jsdoc/node_modules/jscs-jsdoc/lib/index.js":{"path":"/home/travis/build/npmtest/node-npmtest-jscs-jsdoc/node_modules/jscs-jsdoc/lib/index.js","s":{"1":1,"2":0,"3":0},"b":{},"f":{"1":0},"fnMap":{"1":{"name":"(anonymous_1)","line":4,"loc":{"start":{"line":4,"column":17},"end":{"line":4,"column":41}}}},"statementMap":{"1":{"start":{"line":4,"column":0},"end":{"line":7,"column":2}},"2":{"start":{"line":5,"column":4},"end":{"line":5,"column":38}},"3":{"start":{"line":6,"column":4},"end":{"line":6,"column":66}}},"branchMap":{},"code":["/**"," * @param {module:jscs/lib/Configuration} configuration"," */","module.exports = function(configuration) {","    delete configuration._rules.jsDoc;","    configuration.registerRule(require('./rules/validate-jsdoc'));","};",""],"l":{"4":1,"5":0,"6":0}},"/home/travis/build/npmtest/node-npmtest-jscs-jsdoc/node_modules/jscs-jsdoc/lib/esprima-helpers.js":{"path":"/home/travis/build/npmtest/node-npmtest-jscs-jsdoc/node_modules/jscs-jsdoc/lib/esprima-helpers.js","s":{"1":1,"2":1,"3":1,"4":0,"5":0,"6":0},"b":{"1":[0,0]},"f":{"1":0},"fnMap":{"1":{"name":"closestScopeNode","line":18,"loc":{"start":{"line":18,"column":0},"end":{"line":18,"column":29}}}},"statementMap":{"1":{"start":{"line":1,"column":0},"end":{"line":3,"column":2}},"2":{"start":{"line":5,"column":0},"end":{"line":10,"column":2}},"3":{"start":{"line":18,"column":0},"end":{"line":23,"column":1}},"4":{"start":{"line":19,"column":4},"end":{"line":21,"column":5}},"5":{"start":{"line":20,"column":8},"end":{"line":20,"column":28}},"6":{"start":{"line":22,"column":4},"end":{"line":22,"column":13}}},"branchMap":{"1":{"line":19,"type":"binary-expr","locations":[{"start":{"line":19,"column":11},"end":{"line":19,"column":12}},{"start":{"line":19,"column":16},"end":{"line":19,"column":53}}]}},"code":["module.exports = {","    closestScopeNode: closestScopeNode","};","","var scopeNodeTypes = [","    'Program',","    'FunctionDeclaration',","    'FunctionExpression',","    'ArrowFunctionExpression'","];","","/**"," * Search for the closest scope node tree for Node"," *"," * @param {{type: string}} n"," * @returns {EsprimaNode}"," */","function closestScopeNode(n) {","    while (n && scopeNodeTypes.indexOf(n.type) === -1) {","        n = n.parentElement;","    }","    return n;","}",""],"l":{"1":1,"5":1,"18":1,"19":0,"20":0,"22":0}},"/home/travis/build/npmtest/node-npmtest-jscs-jsdoc/node_modules/jscs-jsdoc/lib/jsdoc.js":{"path":"/home/travis/build/npmtest/node-npmtest-jscs-jsdoc/node_modules/jscs-jsdoc/lib/jsdoc.js","s":{"1":1,"2":1,"3":1,"4":1,"5":1,"6":1,"7":1,"8":1,"9":1,"10":1,"11":0,"12":0,"13":0,"14":0,"15":0,"16":1,"17":0,"18":0,"19":0,"20":0,"21":0,"22":0,"23":0,"24":0,"25":0,"26":0,"27":0,"28":0,"29":0,"30":0,"31":0,"32":0,"33":0,"34":0,"35":0,"36":0,"37":0,"38":0,"39":0,"40":0,"41":0,"42":0,"43":1,"44":0,"45":0,"46":0,"47":0,"48":0,"49":0,"50":0,"51":0,"52":0,"53":0,"54":0,"55":0,"56":0,"57":1,"58":0,"59":0,"60":0,"61":0,"62":0,"63":0,"64":0,"65":0,"66":0,"67":0,"68":0,"69":0,"70":0,"71":0,"72":0,"73":0,"74":0,"75":1,"76":0,"77":0,"78":0,"79":1,"80":0,"81":0,"82":0,"83":1,"84":0,"85":0,"86":0,"87":0,"88":1,"89":0,"90":0,"91":0,"92":0,"93":0,"94":0,"95":0,"96":0,"97":0,"98":0,"99":0,"100":0,"101":0,"102":0,"103":0,"104":0,"105":0,"106":0,"107":0,"108":0,"109":0,"110":0,"111":0,"112":0,"113":0,"114":0,"115":0,"116":0,"117":0,"118":0,"119":0,"120":0,"121":0,"122":0,"123":0,"124":0,"125":0,"126":0,"127":0,"128":0,"129":0,"130":1,"131":0,"132":0,"133":0,"134":0,"135":0,"136":0,"137":0,"138":0,"139":1,"140":0,"141":0,"142":0,"143":0,"144":0,"145":0,"146":0,"147":0,"148":0,"149":1,"150":0,"151":0,"152":0,"153":0,"154":0,"155":0,"156":0,"157":0,"158":0,"159":0,"160":0,"161":0,"162":0,"163":0,"164":0,"165":0,"166":0,"167":0,"168":0,"169":0,"170":0,"171":0,"172":0,"173":0,"174":0,"175":0,"176":0,"177":0,"178":0,"179":0,"180":0,"181":0,"182":0,"183":0,"184":0,"185":0,"186":0,"187":0,"188":0,"189":0,"190":0,"191":0,"192":0,"193":0,"194":0,"195":0,"196":0,"197":0,"198":1,"199":0,"200":0,"201":0,"202":0,"203":0,"204":1,"205":1,"206":0,"207":0,"208":0,"209":0,"210":0,"211":0,"212":0,"213":0,"214":0,"215":0,"216":0,"217":0,"218":0,"219":0,"220":0,"221":0,"222":0,"223":0,"224":0,"225":0,"226":0,"227":0,"228":0,"229":0,"230":0,"231":0,"232":0,"233":0,"234":0,"235":0,"236":0,"237":0,"238":0,"239":0,"240":0,"241":0,"242":0,"243":0,"244":0,"245":0,"246":0,"247":0,"248":0,"249":0,"250":0,"251":0,"252":0,"253":0,"254":0},"b":{"1":[0,0],"2":[0,0],"3":[0,0],"4":[0,0],"5":[0,0],"6":[0,0],"7":[0,0],"8":[0,0],"9":[0,0],"10":[0,0],"11":[0,0],"12":[0,0],"13":[0,0],"14":[0,0],"15":[0,0],"16":[0,0],"17":[0,0],"18":[0,0],"19":[0,0],"20":[0,0],"21":[0,0],"22":[0,0],"23":[0,0],"24":[0,0],"25":[0,0],"26":[0,0],"27":[0,0],"28":[0,0],"29":[0,0],"30":[0,0,0,0],"31":[0,0],"32":[0,0],"33":[0,0],"34":[0,0],"35":[0,0],"36":[0,0],"37":[0,0],"38":[0,0],"39":[0,0],"40":[0,0],"41":[0,0],"42":[0,0],"43":[0,0,0,0,0,0,0,0],"44":[0,0],"45":[0,0],"46":[0,0],"47":[0,0],"48":[0,0],"49":[0,0],"50":[0,0],"51":[0,0],"52":[0,0],"53":[0,0],"54":[0,0],"55":[0,0,0],"56":[0,0],"57":[0,0],"58":[0,0],"59":[0,0],"60":[0,0],"61":[0,0],"62":[0,0],"63":[0,0],"64":[0,0],"65":[0,0],"66":[0,0],"67":[0,0],"68":[0,0],"69":[0,0],"70":[0,0],"71":[0,0],"72":[0,0],"73":[0,0],"74":[0,0],"75":[0,0],"76":[0,0],"77":[0,0],"78":[0,0],"79":[0,0],"80":[0,0],"81":[0,0]},"f":{"1":0,"2":0,"3":0,"4":0,"5":0,"6":0,"7":0,"8":0,"9":0,"10":0,"11":0,"12":0,"13":0,"14":0,"15":0,"16":0,"17":0,"18":0,"19":0,"20":0,"21":0,"22":0,"23":0,"24":0,"25":0,"26":0,"27":0},"fnMap":{"1":{"name":"(anonymous_1)","line":29,"loc":{"start":{"line":29,"column":35},"end":{"line":29,"column":57}}},"2":{"name":"(anonymous_2)","line":32,"loc":{"start":{"line":32,"column":38},"end":{"line":32,"column":50}}},"3":{"name":"DocComment","line":54,"loc":{"start":{"line":54,"column":0},"end":{"line":54,"column":56}}},"4":{"name":"(anonymous_4)","line":76,"loc":{"start":{"line":76,"column":41},"end":{"line":76,"column":55}}},"5":{"name":"(anonymous_5)","line":84,"loc":{"start":{"line":84,"column":35},"end":{"line":84,"column":47}}},"6":{"name":"forEachTag","line":92,"loc":{"start":{"line":92,"column":19},"end":{"line":92,"column":43}}},"7":{"name":"iterateByTypes","line":102,"loc":{"start":{"line":102,"column":25},"end":{"line":102,"column":60}}},"8":{"name":"(anonymous_8)","line":105,"loc":{"start":{"line":105,"column":26},"end":{"line":105,"column":40}}},"9":{"name":"DocTag","line":122,"loc":{"start":{"line":122,"column":0},"end":{"line":122,"column":26}}},"10":{"name":"DocType","line":154,"loc":{"start":{"line":154,"column":0},"end":{"line":154,"column":28}}},"11":{"name":"(anonymous_11)","line":178,"loc":{"start":{"line":178,"column":17},"end":{"line":178,"column":32}}},"12":{"name":"(anonymous_12)","line":186,"loc":{"start":{"line":186,"column":19},"end":{"line":186,"column":32}}},"13":{"name":"DocLocation","line":201,"loc":{"start":{"line":201,"column":0},"end":{"line":201,"column":34}}},"14":{"name":"(anonymous_14)","line":213,"loc":{"start":{"line":213,"column":30},"end":{"line":213,"column":47}}},"15":{"name":"_parseComment","line":227,"loc":{"start":{"line":227,"column":0},"end":{"line":227,"column":32}}},"16":{"name":"(anonymous_16)","line":231,"loc":{"start":{"line":231,"column":12},"end":{"line":231,"column":26}}},"17":{"name":"_parseName","line":249,"loc":{"start":{"line":249,"column":0},"end":{"line":249,"column":31}}},"18":{"name":"_skipws","line":325,"loc":{"start":{"line":325,"column":4},"end":{"line":325,"column":26}}},"19":{"name":"_parseDocType","line":343,"loc":{"start":{"line":343,"column":0},"end":{"line":343,"column":35}}},"20":{"name":"_iterateDocTypes","line":362,"loc":{"start":{"line":362,"column":0},"end":{"line":362,"column":36}}},"21":{"name":"(anonymous_21)","line":374,"loc":{"start":{"line":374,"column":33},"end":{"line":374,"column":51}}},"22":{"name":"(anonymous_22)","line":399,"loc":{"start":{"line":399,"column":56},"end":{"line":399,"column":74}}},"23":{"name":"(anonymous_23)","line":413,"loc":{"start":{"line":413,"column":52},"end":{"line":413,"column":70}}},"24":{"name":"(anonymous_24)","line":432,"loc":{"start":{"line":432,"column":44},"end":{"line":432,"column":62}}},"25":{"name":"_simplifyType","line":466,"loc":{"start":{"line":466,"column":0},"end":{"line":466,"column":29}}},"26":{"name":"(anonymous_26)","line":468,"loc":{"start":{"line":468,"column":27},"end":{"line":468,"column":42}}},"27":{"name":"jsDocMatchType","line":485,"loc":{"start":{"line":485,"column":0},"end":{"line":485,"column":44}}}},"statementMap":{"1":{"start":{"line":1,"column":0},"end":{"line":1,"column":31}},"2":{"start":{"line":2,"column":0},"end":{"line":2,"column":46}},"3":{"start":{"line":4,"column":0},"end":{"line":4,"column":51}},"4":{"start":{"line":5,"column":0},"end":{"line":5,"column":53}},"5":{"start":{"line":7,"column":0},"end":{"line":7,"column":53}},"6":{"start":{"line":8,"column":0},"end":{"line":8,"column":49}},"7":{"start":{"line":12,"column":0},"end":{"line":12,"column":37}},"8":{"start":{"line":15,"column":0},"end":{"line":19,"column":2}},"9":{"start":{"line":21,"column":0},"end":{"line":21,"column":20}},"10":{"start":{"line":23,"column":0},"end":{"line":43,"column":2}},"11":{"start":{"line":30,"column":8},"end":{"line":30,"column":48}},"12":{"start":{"line":31,"column":8},"end":{"line":34,"column":15}},"13":{"start":{"line":33,"column":16},"end":{"line":33,"column":40}},"14":{"start":{"line":35,"column":8},"end":{"line":35,"column":37}},"15":{"start":{"line":36,"column":8},"end":{"line":36,"column":87}},"16":{"start":{"line":54,"column":0},"end":{"line":113,"column":1}},"17":{"start":{"line":55,"column":4},"end":{"line":55,"column":43}},"18":{"start":{"line":56,"column":4},"end":{"line":56,"column":25}},"19":{"start":{"line":58,"column":4},"end":{"line":58,"column":21}},"20":{"start":{"line":61,"column":4},"end":{"line":61,"column":45}},"21":{"start":{"line":64,"column":4},"end":{"line":64,"column":23}},"22":{"start":{"line":65,"column":4},"end":{"line":65,"column":35}},"23":{"start":{"line":66,"column":4},"end":{"line":66,"column":48}},"24":{"start":{"line":69,"column":4},"end":{"line":69,"column":28}},"25":{"start":{"line":70,"column":4},"end":{"line":70,"column":39}},"26":{"start":{"line":71,"column":4},"end":{"line":73,"column":50}},"27":{"start":{"line":75,"column":4},"end":{"line":75,"column":46}},"28":{"start":{"line":76,"column":4},"end":{"line":81,"column":7}},"29":{"start":{"line":77,"column":8},"end":{"line":80,"column":10}},"30":{"start":{"line":84,"column":4},"end":{"line":86,"column":7}},"31":{"start":{"line":85,"column":8},"end":{"line":85,"column":57}},"32":{"start":{"line":92,"column":4},"end":{"line":95,"column":6}},"33":{"start":{"line":93,"column":8},"end":{"line":93,"column":36}},"34":{"start":{"line":94,"column":8},"end":{"line":94,"column":20}},"35":{"start":{"line":102,"column":4},"end":{"line":112,"column":6}},"36":{"start":{"line":103,"column":8},"end":{"line":103,"column":18}},"37":{"start":{"line":104,"column":8},"end":{"line":104,"column":55}},"38":{"start":{"line":105,"column":8},"end":{"line":110,"column":17}},"39":{"start":{"line":106,"column":12},"end":{"line":108,"column":13}},"40":{"start":{"line":107,"column":16},"end":{"line":107,"column":23}},"41":{"start":{"line":109,"column":12},"end":{"line":109,"column":36}},"42":{"start":{"line":111,"column":8},"end":{"line":111,"column":20}},"43":{"start":{"line":122,"column":0},"end":{"line":145,"column":1}},"44":{"start":{"line":123,"column":4},"end":{"line":123,"column":22}},"45":{"start":{"line":124,"column":4},"end":{"line":124,"column":25}},"46":{"start":{"line":125,"column":4},"end":{"line":125,"column":27}},"47":{"start":{"line":126,"column":4},"end":{"line":126,"column":26}},"48":{"start":{"line":127,"column":4},"end":{"line":127,"column":26}},"49":{"start":{"line":129,"column":4},"end":{"line":129,"column":39}},"50":{"start":{"line":130,"column":4},"end":{"line":130,"column":33}},"51":{"start":{"line":131,"column":4},"end":{"line":131,"column":31}},"52":{"start":{"line":133,"column":4},"end":{"line":133,"column":19}},"53":{"start":{"line":135,"column":4},"end":{"line":140,"column":5}},"54":{"start":{"line":136,"column":8},"end":{"line":139,"column":10}},"55":{"start":{"line":142,"column":4},"end":{"line":144,"column":5}},"56":{"start":{"line":143,"column":8},"end":{"line":143,"column":87}},"57":{"start":{"line":154,"column":0},"end":{"line":192,"column":1}},"58":{"start":{"line":155,"column":4},"end":{"line":155,"column":41}},"59":{"start":{"line":156,"column":4},"end":{"line":156,"column":45}},"60":{"start":{"line":158,"column":4},"end":{"line":158,"column":22}},"61":{"start":{"line":159,"column":4},"end":{"line":159,"column":19}},"62":{"start":{"line":161,"column":4},"end":{"line":161,"column":37}},"63":{"start":{"line":162,"column":4},"end":{"line":162,"column":57}},"64":{"start":{"line":164,"column":4},"end":{"line":164,"column":36}},"65":{"start":{"line":165,"column":4},"end":{"line":165,"column":36}},"66":{"start":{"line":166,"column":4},"end":{"line":166,"column":30}},"67":{"start":{"line":168,"column":4},"end":{"line":170,"column":5}},"68":{"start":{"line":169,"column":8},"end":{"line":169,"column":46}},"69":{"start":{"line":178,"column":4},"end":{"line":180,"column":6}},"70":{"start":{"line":179,"column":8},"end":{"line":179,"column":42}},"71":{"start":{"line":186,"column":4},"end":{"line":191,"column":6}},"72":{"start":{"line":187,"column":8},"end":{"line":189,"column":9}},"73":{"start":{"line":188,"column":12},"end":{"line":188,"column":22}},"74":{"start":{"line":190,"column":8},"end":{"line":190,"column":44}},"75":{"start":{"line":201,"column":0},"end":{"line":205,"column":1}},"76":{"start":{"line":202,"column":4},"end":{"line":202,"column":89}},"77":{"start":{"line":203,"column":4},"end":{"line":203,"column":20}},"78":{"start":{"line":204,"column":4},"end":{"line":204,"column":59}},"79":{"start":{"line":213,"column":0},"end":{"line":218,"column":2}},"80":{"start":{"line":214,"column":4},"end":{"line":216,"column":5}},"81":{"start":{"line":215,"column":8},"end":{"line":215,"column":31}},"82":{"start":{"line":217,"column":4},"end":{"line":217,"column":41}},"83":{"start":{"line":227,"column":0},"end":{"line":241,"column":1}},"84":{"start":{"line":228,"column":4},"end":{"line":240,"column":10}},"85":{"start":{"line":232,"column":16},"end":{"line":232,"column":54}},"86":{"start":{"line":233,"column":16},"end":{"line":233,"column":37}},"87":{"start":{"line":234,"column":16},"end":{"line":234,"column":27}},"88":{"start":{"line":249,"column":0},"end":{"line":337,"column":1}},"89":{"start":{"line":250,"column":4},"end":{"line":252,"column":5}},"90":{"start":{"line":251,"column":8},"end":{"line":251,"column":20}},"91":{"start":{"line":254,"column":4},"end":{"line":254,"column":30}},"92":{"start":{"line":255,"column":4},"end":{"line":255,"column":32}},"93":{"start":{"line":256,"column":4},"end":{"line":256,"column":22}},"94":{"start":{"line":257,"column":4},"end":{"line":257,"column":22}},"95":{"start":{"line":258,"column":4},"end":{"line":258,"column":21}},"96":{"start":{"line":259,"column":4},"end":{"line":259,"column":21}},"97":{"start":{"line":260,"column":4},"end":{"line":260,"column":21}},"98":{"start":{"line":262,"column":4},"end":{"line":274,"column":5}},"99":{"start":{"line":263,"column":8},"end":{"line":263,"column":22}},"100":{"start":{"line":264,"column":8},"end":{"line":264,"column":57}},"101":{"start":{"line":265,"column":8},"end":{"line":265,"column":57}},"102":{"start":{"line":266,"column":8},"end":{"line":268,"column":9}},"103":{"start":{"line":267,"column":12},"end":{"line":267,"column":20}},"104":{"start":{"line":269,"column":8},"end":{"line":271,"column":9}},"105":{"start":{"line":270,"column":12},"end":{"line":270,"column":18}},"106":{"start":{"line":272,"column":8},"end":{"line":272,"column":19}},"107":{"start":{"line":273,"column":8},"end":{"line":273,"column":15}},"108":{"start":{"line":276,"column":4},"end":{"line":276,"column":77}},"109":{"start":{"line":276,"column":26},"end":{"line":276,"column":75}},"110":{"start":{"line":277,"column":4},"end":{"line":277,"column":77}},"111":{"start":{"line":277,"column":26},"end":{"line":277,"column":75}},"112":{"start":{"line":278,"column":4},"end":{"line":278,"column":75}},"113":{"start":{"line":278,"column":27},"end":{"line":278,"column":73}},"114":{"start":{"line":280,"column":4},"end":{"line":286,"column":6}},"115":{"start":{"line":289,"column":4},"end":{"line":292,"column":5}},"116":{"start":{"line":290,"column":8},"end":{"line":290,"column":26}},"117":{"start":{"line":291,"column":8},"end":{"line":291,"column":40}},"118":{"start":{"line":295,"column":4},"end":{"line":298,"column":5}},"119":{"start":{"line":296,"column":8},"end":{"line":296,"column":28}},"120":{"start":{"line":297,"column":8},"end":{"line":297,"column":40}},"121":{"start":{"line":301,"column":4},"end":{"line":310,"column":5}},"122":{"start":{"line":302,"column":8},"end":{"line":302,"column":28}},"123":{"start":{"line":303,"column":8},"end":{"line":303,"column":40}},"124":{"start":{"line":305,"column":8},"end":{"line":305,"column":38}},"125":{"start":{"line":306,"column":8},"end":{"line":309,"column":9}},"126":{"start":{"line":307,"column":12},"end":{"line":307,"column":90}},"127":{"start":{"line":308,"column":12},"end":{"line":308,"column":48}},"128":{"start":{"line":312,"column":4},"end":{"line":312,"column":20}},"129":{"start":{"line":314,"column":4},"end":{"line":317,"column":6}},"130":{"start":{"line":325,"column":4},"end":{"line":336,"column":5}},"131":{"start":{"line":326,"column":8},"end":{"line":326,"column":18}},"132":{"start":{"line":327,"column":8},"end":{"line":327,"column":27}},"133":{"start":{"line":328,"column":8},"end":{"line":328,"column":15}},"134":{"start":{"line":329,"column":8},"end":{"line":334,"column":26}},"135":{"start":{"line":330,"column":12},"end":{"line":330,"column":24}},"136":{"start":{"line":331,"column":12},"end":{"line":333,"column":13}},"137":{"start":{"line":332,"column":16},"end":{"line":332,"column":22}},"138":{"start":{"line":335,"column":8},"end":{"line":335,"column":17}},"139":{"start":{"line":343,"column":0},"end":{"line":355,"column":1}},"140":{"start":{"line":344,"column":4},"end":{"line":344,"column":34}},"141":{"start":{"line":345,"column":4},"end":{"line":345,"column":13}},"142":{"start":{"line":346,"column":4},"end":{"line":353,"column":5}},"143":{"start":{"line":347,"column":8},"end":{"line":347,"column":40}},"144":{"start":{"line":348,"column":8},"end":{"line":348,"column":26}},"145":{"start":{"line":350,"column":8},"end":{"line":350,"column":18}},"146":{"start":{"line":351,"column":8},"end":{"line":351,"column":31}},"147":{"start":{"line":352,"column":8},"end":{"line":352,"column":27}},"148":{"start":{"line":354,"column":4},"end":{"line":354,"column":16}},"149":{"start":{"line":362,"column":0},"end":{"line":457,"column":1}},"150":{"start":{"line":363,"column":4},"end":{"line":363,"column":12}},"151":{"start":{"line":365,"column":4},"end":{"line":454,"column":5}},"152":{"start":{"line":374,"column":12},"end":{"line":379,"column":21}},"153":{"start":{"line":375,"column":16},"end":{"line":377,"column":17}},"154":{"start":{"line":376,"column":20},"end":{"line":376,"column":64}},"155":{"start":{"line":378,"column":16},"end":{"line":378,"column":53}},"156":{"start":{"line":380,"column":12},"end":{"line":383,"column":13}},"157":{"start":{"line":381,"column":16},"end":{"line":381,"column":71}},"158":{"start":{"line":382,"column":16},"end":{"line":382,"column":40}},"159":{"start":{"line":384,"column":12},"end":{"line":384,"column":18}},"160":{"start":{"line":388,"column":12},"end":{"line":388,"column":38}},"161":{"start":{"line":389,"column":12},"end":{"line":389,"column":27}},"162":{"start":{"line":390,"column":12},"end":{"line":390,"column":18}},"163":{"start":{"line":395,"column":12},"end":{"line":395,"column":54}},"164":{"start":{"line":396,"column":12},"end":{"line":396,"column":33}},"165":{"start":{"line":397,"column":12},"end":{"line":403,"column":13}},"166":{"start":{"line":399,"column":16},"end":{"line":402,"column":20}},"167":{"start":{"line":400,"column":20},"end":{"line":400,"column":49}},"168":{"start":{"line":401,"column":20},"end":{"line":401,"column":50}},"169":{"start":{"line":404,"column":12},"end":{"line":404,"column":18}},"170":{"start":{"line":411,"column":12},"end":{"line":411,"column":39}},"171":{"start":{"line":412,"column":12},"end":{"line":412,"column":33}},"172":{"start":{"line":413,"column":12},"end":{"line":416,"column":16}},"173":{"start":{"line":414,"column":16},"end":{"line":414,"column":45}},"174":{"start":{"line":415,"column":16},"end":{"line":415,"column":46}},"175":{"start":{"line":417,"column":12},"end":{"line":420,"column":13}},"176":{"start":{"line":418,"column":16},"end":{"line":418,"column":59}},"177":{"start":{"line":419,"column":16},"end":{"line":419,"column":71}},"178":{"start":{"line":421,"column":12},"end":{"line":424,"column":13}},"179":{"start":{"line":422,"column":16},"end":{"line":422,"column":60}},"180":{"start":{"line":423,"column":16},"end":{"line":423,"column":72}},"181":{"start":{"line":425,"column":12},"end":{"line":425,"column":18}},"182":{"start":{"line":429,"column":12},"end":{"line":429,"column":37}},"183":{"start":{"line":430,"column":12},"end":{"line":430,"column":33}},"184":{"start":{"line":431,"column":12},"end":{"line":436,"column":13}},"185":{"start":{"line":432,"column":16},"end":{"line":435,"column":20}},"186":{"start":{"line":433,"column":20},"end":{"line":433,"column":49}},"187":{"start":{"line":434,"column":20},"end":{"line":434,"column":50}},"188":{"start":{"line":437,"column":12},"end":{"line":437,"column":18}},"189":{"start":{"line":442,"column":12},"end":{"line":442,"column":49}},"190":{"start":{"line":443,"column":12},"end":{"line":443,"column":55}},"191":{"start":{"line":444,"column":12},"end":{"line":444,"column":18}},"192":{"start":{"line":447,"column":12},"end":{"line":447,"column":38}},"193":{"start":{"line":448,"column":12},"end":{"line":448,"column":31}},"194":{"start":{"line":449,"column":12},"end":{"line":449,"column":27}},"195":{"start":{"line":450,"column":12},"end":{"line":450,"column":18}},"196":{"start":{"line":453,"column":12},"end":{"line":453,"column":61}},"197":{"start":{"line":456,"column":4},"end":{"line":456,"column":15}},"198":{"start":{"line":466,"column":0},"end":{"line":474,"column":1}},"199":{"start":{"line":467,"column":4},"end":{"line":467,"column":17}},"200":{"start":{"line":468,"column":4},"end":{"line":472,"column":7}},"201":{"start":{"line":469,"column":8},"end":{"line":471,"column":9}},"202":{"start":{"line":470,"column":12},"end":{"line":470,"column":44}},"203":{"start":{"line":473,"column":4},"end":{"line":473,"column":15}},"204":{"start":{"line":476,"column":0},"end":{"line":477,"column":30}},"205":{"start":{"line":485,"column":0},"end":{"line":555,"column":1}},"206":{"start":{"line":486,"column":4},"end":{"line":486,"column":10}},"207":{"start":{"line":487,"column":4},"end":{"line":487,"column":10}},"208":{"start":{"line":488,"column":4},"end":{"line":488,"column":16}},"209":{"start":{"line":489,"column":4},"end":{"line":489,"column":13}},"210":{"start":{"line":490,"column":4},"end":{"line":490,"column":18}},"211":{"start":{"line":491,"column":4},"end":{"line":491,"column":22}},"212":{"start":{"line":493,"column":4},"end":{"line":551,"column":5}},"213":{"start":{"line":494,"column":8},"end":{"line":494,"column":48}},"214":{"start":{"line":495,"column":8},"end":{"line":498,"column":9}},"215":{"start":{"line":496,"column":12},"end":{"line":496,"column":26}},"216":{"start":{"line":497,"column":12},"end":{"line":497,"column":18}},"217":{"start":{"line":500,"column":8},"end":{"line":500,"column":42}},"218":{"start":{"line":501,"column":8},"end":{"line":501,"column":54}},"219":{"start":{"line":503,"column":8},"end":{"line":546,"column":9}},"220":{"start":{"line":504,"column":12},"end":{"line":504,"column":49}},"221":{"start":{"line":505,"column":15},"end":{"line":546,"column":9}},"222":{"start":{"line":506,"column":12},"end":{"line":506,"column":51}},"223":{"start":{"line":508,"column":15},"end":{"line":546,"column":9}},"224":{"start":{"line":509,"column":12},"end":{"line":509,"column":51}},"225":{"start":{"line":511,"column":15},"end":{"line":546,"column":9}},"226":{"start":{"line":512,"column":12},"end":{"line":512,"column":52}},"227":{"start":{"line":514,"column":15},"end":{"line":546,"column":9}},"228":{"start":{"line":515,"column":12},"end":{"line":515,"column":51}},"229":{"start":{"line":517,"column":15},"end":{"line":546,"column":9}},"230":{"start":{"line":518,"column":12},"end":{"line":518,"column":51}},"231":{"start":{"line":519,"column":12},"end":{"line":519,"column":44}},"232":{"start":{"line":521,"column":15},"end":{"line":546,"column":9}},"233":{"start":{"line":522,"column":12},"end":{"line":522,"column":50}},"234":{"start":{"line":524,"column":15},"end":{"line":546,"column":9}},"235":{"start":{"line":525,"column":12},"end":{"line":525,"column":26}},"236":{"start":{"line":527,"column":15},"end":{"line":546,"column":9}},"237":{"start":{"line":528,"column":12},"end":{"line":528,"column":36}},"238":{"start":{"line":529,"column":12},"end":{"line":529,"column":30}},"239":{"start":{"line":530,"column":12},"end":{"line":543,"column":13}},"240":{"start":{"line":531,"column":16},"end":{"line":534,"column":17}},"241":{"start":{"line":532,"column":20},"end":{"line":532,"column":34}},"242":{"start":{"line":533,"column":20},"end":{"line":533,"column":26}},"243":{"start":{"line":535,"column":16},"end":{"line":535,"column":28}},"244":{"start":{"line":536,"column":16},"end":{"line":536,"column":26}},"245":{"start":{"line":537,"column":16},"end":{"line":540,"column":17}},"246":{"start":{"line":538,"column":20},"end":{"line":538,"column":52}},"247":{"start":{"line":539,"column":20},"end":{"line":539,"column":37}},"248":{"start":{"line":541,"column":16},"end":{"line":541,"column":39}},"249":{"start":{"line":542,"column":16},"end":{"line":542,"column":38}},"250":{"start":{"line":544,"column":12},"end":{"line":544,"column":38}},"251":{"start":{"line":545,"column":12},"end":{"line":545,"column":47}},"252":{"start":{"line":548,"column":8},"end":{"line":550,"column":9}},"253":{"start":{"line":549,"column":12},"end":{"line":549,"column":18}},"254":{"start":{"line":554,"column":4},"end":{"line":554,"column":28}}},"branchMap":{"1":{"line":55,"type":"binary-expr","locations":[{"start":{"line":55,"column":20},"end":{"line":55,"column":33}},{"start":{"line":55,"column":37},"end":{"line":55,"column":42}}]},"2":{"line":56,"type":"binary-expr","locations":[{"start":{"line":56,"column":13},"end":{"line":56,"column":19}},{"start":{"line":56,"column":23},"end":{"line":56,"column":24}}]},"3":{"line":61,"type":"binary-expr","locations":[{"start":{"line":61,"column":18},"end":{"line":61,"column":38}},{"start":{"line":61,"column":42},"end":{"line":61,"column":44}}]},"4":{"line":70,"type":"binary-expr","locations":[{"start":{"line":70,"column":15},"end":{"line":70,"column":17}},{"start":{"line":70,"column":21},"end":{"line":70,"column":38}}]},"5":{"line":71,"type":"cond-expr","locations":[{"start":{"line":72,"column":8},"end":{"line":72,"column":12}},{"start":{"line":73,"column":11},"end":{"line":73,"column":48}}]},"6":{"line":71,"type":"binary-expr","locations":[{"start":{"line":71,"column":23},"end":{"line":71,"column":26}},{"start":{"line":71,"column":30},"end":{"line":71,"column":43}}]},"7":{"line":73,"type":"cond-expr","locations":[{"start":{"line":73,"column":25},"end":{"line":73,"column":27}},{"start":{"line":73,"column":30},"end":{"line":73,"column":48}}]},"8":{"line":76,"type":"binary-expr","locations":[{"start":{"line":76,"column":17},"end":{"line":76,"column":29}},{"start":{"line":76,"column":33},"end":{"line":76,"column":35}}]},"9":{"line":85,"type":"binary-expr","locations":[{"start":{"line":85,"column":15},"end":{"line":85,"column":34}},{"start":{"line":85,"column":38},"end":{"line":85,"column":56}}]},"10":{"line":104,"type":"cond-expr","locations":[{"start":{"line":104,"column":39},"end":{"line":104,"column":44}},{"start":{"line":104,"column":47},"end":{"line":104,"column":54}}]},"11":{"line":106,"type":"if","locations":[{"start":{"line":106,"column":12},"end":{"line":106,"column":12}},{"start":{"line":106,"column":12},"end":{"line":106,"column":12}}]},"12":{"line":135,"type":"if","locations":[{"start":{"line":135,"column":4},"end":{"line":135,"column":4}},{"start":{"line":135,"column":4},"end":{"line":135,"column":4}}]},"13":{"line":142,"type":"if","locations":[{"start":{"line":142,"column":4},"end":{"line":142,"column":4}},{"start":{"line":142,"column":4},"end":{"line":142,"column":4}}]},"14":{"line":162,"type":"cond-expr","locations":[{"start":{"line":162,"column":30},"end":{"line":162,"column":51}},{"start":{"line":162,"column":54},"end":{"line":162,"column":56}}]},"15":{"line":168,"type":"if","locations":[{"start":{"line":168,"column":4},"end":{"line":168,"column":4}},{"start":{"line":168,"column":4},"end":{"line":168,"column":4}}]},"16":{"line":168,"type":"binary-expr","locations":[{"start":{"line":168,"column":8},"end":{"line":168,"column":20}},{"start":{"line":168,"column":24},"end":{"line":168,"column":39}}]},"17":{"line":187,"type":"if","locations":[{"start":{"line":187,"column":8},"end":{"line":187,"column":8}},{"start":{"line":187,"column":8},"end":{"line":187,"column":8}}]},"18":{"line":202,"type":"binary-expr","locations":[{"start":{"line":202,"column":11},"end":{"line":202,"column":34}},{"start":{"line":202,"column":38},"end":{"line":202,"column":49}}]},"19":{"line":203,"type":"binary-expr","locations":[{"start":{"line":203,"column":10},"end":{"line":203,"column":13}},{"start":{"line":203,"column":17},"end":{"line":203,"column":19}}]},"20":{"line":204,"type
[...]
73}},"51":{"start":{"line":118,"column":8},"end":{"line":118,"column":15}},"52":{"start":{"line":122,"column":4},"end":{"line":122,"column":53}}},"branchMap":{"1":{"line":28,"type":"binary-expr","locations":[{"start":{"line":28,"column":8},"end":{"line":28,"column":18}},{"start":{"line":28,"column":22},"end":{"line":28,"column":33}},{"start":{"line":28,"column":37},"end":{"line":28,"column":58}},{"start":{"line":28,"column":63},"end":{"line":28,"column":84}},{"start":{"line":28,"column":88},"end":{"line":28,"column":114}}]},"2":{"line":37,"type":"if","locations":[{"start":{"line":37,"column":8},"end":{"line":37,"column":8}},{"start":{"line":37,"column":8},"end":{"line":37,"column":8}}]},"3":{"line":43,"type":"if","locations":[{"start":{"line":43,"column":4},"end":{"line":43,"column":4}},{"start":{"line":43,"column":4},"end":{"line":43,"column":4}}]},"4":{"line":45,"type":"if","locations":[{"start":{"line":45,"column":11},"end":{"line":45,"column":11}},{"start":{"line":45,"column":11},"end":{"line":45,"column":11}}]},"5":{"line":45,"type":"binary-expr","locations":[{"start":{"line":45,"column":15},"end":{"line":45,"column":36}},{"start":{"line":45,"column":40},"end":{"line":45,"column":61}}]},"6":{"line":47,"type":"if","locations":[{"start":{"line":47,"column":11},"end":{"line":47,"column":11}},{"start":{"line":47,"column":11},"end":{"line":47,"column":11}}]},"7":{"line":47,"type":"binary-expr","locations":[{"start":{"line":47,"column":15},"end":{"line":47,"column":36}},{"start":{"line":47,"column":40},"end":{"line":47,"column":66}}]},"8":{"line":63,"type":"binary-expr","locations":[{"start":{"line":63,"column":21},"end":{"line":63,"column":39}},{"start":{"line":63,"column":43},"end":{"line":63,"column":45}}]},"9":{"line":65,"type":"if","locations":[{"start":{"line":65,"column":4},"end":{"line":65,"column":4}},{"start":{"line":65,"column":4},"end":{"line":65,"column":4}}]},"10":{"line":70,"type":"if","locations":[{"start":{"line":70,"column":4},"end":{"line":70,"column":4}},{"start":{"line":70,"column":4},"end":{"line":70,"column":4}}]},"11":{"line":70,"type":"binary-expr","locations":[{"start":{"line":70,"column":8},"end":{"line":70,"column":34}},{"start":{"line":70,"column":38},"end":{"line":70,"column":77}},{"start":{"line":71,"column":8},"end":{"line":71,"column":30}},{"start":{"line":71,"column":34},"end":{"line":71,"column":73}}]},"12":{"line":72,"type":"if","locations":[{"start":{"line":72,"column":8},"end":{"line":72,"column":8}},{"start":{"line":72,"column":8},"end":{"line":72,"column":8}}]},"13":{"line":72,"type":"binary-expr","locations":[{"start":{"line":72,"column":12},"end":{"line":72,"column":20}},{"start":{"line":72,"column":24},"end":{"line":73,"column":71}}]},"14":{"line":78,"type":"if","locations":[{"start":{"line":78,"column":4},"end":{"line":78,"column":4}},{"start":{"line":78,"column":4},"end":{"line":78,"column":4}}]},"15":{"line":79,"type":"if","locations":[{"start":{"line":79,"column":8},"end":{"line":79,"column":8}},{"start":{"line":79,"column":8},"end":{"line":79,"column":8}}]},"16":{"line":79,"type":"binary-expr","locations":[{"start":{"line":79,"column":12},"end":{"line":79,"column":58}},{"start":{"line":79,"column":62},"end":{"line":79,"column":106}}]},"17":{"line":82,"type":"if","locations":[{"start":{"line":82,"column":15},"end":{"line":82,"column":15}},{"start":{"line":82,"column":15},"end":{"line":82,"column":15}}]},"18":{"line":84,"type":"if","locations":[{"start":{"line":84,"column":12},"end":{"line":84,"column":12}},{"start":{"line":84,"column":12},"end":{"line":84,"column":12}}]},"19":{"line":84,"type":"binary-expr","locations":[{"start":{"line":84,"column":16},"end":{"line":84,"column":62}},{"start":{"line":85,"column":16},"end":{"line":85,"column":67}}]},"20":{"line":84,"type":"binary-expr","locations":[{"start":{"line":84,"column":17},"end":{"line":84,"column":28}},{"start":{"line":84,"column":32},"end":{"line":84,"column":48}}]},"21":{"line":85,"type":"binary-expr","locations":[{"start":{"line":85,"column":17},"end":{"line":85,"column":30}},{"start":{"line":85,"column":34},"end":{"line":85,"column":52}}]},"22":{"line":91,"type":"if","locations":[{"start":{"line":91,"column":4},"end":{"line":91,"column":4}},{"start":{"line":91,"column":4},"end":{"line":91,"column":4}}]},"23":{"line":92,"type":"if","locations":[{"start":{"line":92,"column":8},"end":{"line":92,"column":8}},{"start":{"line":92,"column":8},"end":{"line":92,"column":8}}]},"24":{"line":97,"type":"if","locations":[{"start":{"line":97,"column":4},"end":{"line":97,"column":4}},{"start":{"line":97,"column":4},"end":{"line":97,"column":4}}]},"25":{"line":100,"type":"if","locations":[{"start":{"line":100,"column":12},"end":{"line":100,"column":12}},{"start":{"line":100,"column":12},"end":{"line":100,"column":12}}]},"26":{"line":103,"type":"binary-expr","locations":[{"start":{"line":103,"column":36},"end":{"line":103,"column":37}},{"start":{"line":103,"column":41},"end":{"line":103,"column":69}},{"start":{"line":103,"column":73},"end":{"line":103,"column":83}}]},"27":{"line":105,"type":"binary-expr","locations":[{"start":{"line":105,"column":42},"end":{"line":105,"column":59}},{"start":{"line":105,"column":63},"end":{"line":105,"column":79}}]},"28":{"line":107,"type":"if","locations":[{"start":{"line":107,"column":8},"end":{"line":107,"column":8}},{"start":{"line":107,"column":8},"end":{"line":107,"column":8}}]},"29":{"line":107,"type":"binary-expr","locations":[{"start":{"line":107,"column":12},"end":{"line":107,"column":31}},{"start":{"line":107,"column":35},"end":{"line":107,"column":63}}]},"30":{"line":114,"type":"if","locations":[{"start":{"line":114,"column":4},"end":{"line":114,"column":4}},{"start":{"line":114,"column":4},"end":{"line":114,"column":4}}]},"31":{"line":115,"type":"if","locations":[{"start":{"line":115,"column":8},"end":{"line":115,"column":8}},{"start":{"line":115,"column":8},"end":{"line":115,"column":8}}]}},"code":["var assert = require('assert');","var esprimaHelpers = require('../../esprima-helpers');","","module.exports = enforceExistence;","module.exports.scopes = ['function'];","module.exports.options = {","    enforceExistence: true","};","","/**"," * @param {Object} options"," */","enforceExistence.configure = function(options) {","","    // set default policy","    var policy = this._enforceExistencePolicy = {","        all: true,","        anonymous: false,","        arrow: true,","        exports: true,","        expressions: true,","        'paramless-procedures': true,","    };","","    // check options are valid","    var o = options.enforceExistence;","    assert(","        o === true || o === false || typeof o === 'string' || (typeof o === 'object' && Array.isArray(o.allExcept)),","        'jsDoc.enforceExistence rule was not configured properly'","    );","","    var optionsToPolicyMap = Object.keys(policy);","    /**","     * @param {string} option","     */","    function updatePolicyRules(option) {","        if (o.allExcept.indexOf(option) > -1) {","            policy[option] = !policy[option];","        }","    }","","    // parse options for policies","    if (o === false) {","        policy.all = false;","    } else if (typeof o === 'string' && o === 'exceptExports') { // backward compatible string option","        policy.exports = false;","    } else if (typeof o === 'object' && Array.isArray(o.allExcept)) {","        optionsToPolicyMap.forEach(updatePolicyRules);","    }","","};","","/**"," * Validator for jsdoc data existence"," *"," * @param {(FunctionDeclaration|FunctionExpression)} node"," * @param {Function} err"," */","function enforceExistence(node, err) {","    var policy = this._enforceExistencePolicy;","","    // enforce 'break-out' policies","    var parentNode = node.parentElement || {};","","    if (policy.all === false) {","        // don't check anything","        return;","    }","","    if (policy.anonymous === false && node.type !== 'ArrowFunctionExpression' ||","        policy.arrow === false && node.type === 'ArrowFunctionExpression') {","        if (!node.id && ['AssignmentExpression', 'VariableDeclarator', 'ObjectProperty',","            'ExportDefaultDeclaration'].indexOf(parentNode.type) === -1) {","            // don't check anonymous functions","            return;","        }","    }","    if (policy.exports === false) {","        if (parentNode.type === 'ExportDefaultDeclaration' || parentNode.type === 'ExportNamedDeclaration') {","            // don't check es6 export","            return;","        } else if (parentNode.type === 'AssignmentExpression') {","            var left = parentNode.left;","            if ((left.object && left.object.name) === 'module' &&","                (left.property && left.property.name) === 'exports') {","                // don't check commonjs exports format","                return;","            }","        }","    }","    if (policy.expressions === false) {","        if (['AssignmentExpression', 'VariableDeclarator', 'ObjectProperty'].indexOf(parentNode.type) > -1) {","            // don't check expression functions","            return;","        }","    }","    if (policy['paramless-procedures'] === false) {","        var hasReturnsWhichRequireJsdoc = false;","        this._iterate(function(n) {","            if (hasReturnsWhichRequireJsdoc) {","                return;","            }","            var isReturnWithValue = n && n.type === 'ReturnStatement' && n.argument;","            var isInCurrentScope = node === esprimaHelpers.closestScopeNode(n);","            hasReturnsWhichRequireJsdoc = isReturnWithValue && isInCurrentScope;","        }, node);","        if (!node.params.length && !hasReturnsWhichRequireJsdoc) {","            // don't check functions without params","            return;","        }","    }","","    // now clear to check for documentation","    if (node.jsdoc) {","        if (!node.jsdoc.valid) {","            err('Invalid jsdoc-block definition', node.jsdoc.loc.offset);","        }","        return;","    }","","    // report absence","    err('Expect valid jsdoc-block definition', node);","","}",""],"l":{"1":1,"2":1,"4":1,"5":1,"6":1,"13":1,"16":0,"26":0,"27":0,"32":0,"36":1,"37":0,"38":0,"43":0,"44":0,"45":0,"46":0,"47":0,"48":0,"59":1,"60":0,"63":0,"65":0,"67":0,"70":0,"72":0,"75":0,"78":0,"79":0,"81":0,"82":0,"83":0,"84":0,"87":0,"91":0,"92":0,"94":0,"97":0,"98":0,"99":0,"100":0,"101":0,"103":0,"104":0,"105":0,"107":0,"109":0,"114":0,"115":0,"116":0,"118":0,"122":0}},"/home/travis/build/npmtest/node-npmtest-jscs-jsdoc/node_modules/jscs-jsdoc/lib/rules/validate-jsdoc/leading-underscore-access.js":{"path":"/home/travis/build/npmtest/node-npmtest-jscs-jsdoc/node_modules/jscs-jsdoc/lib/rules/validate-jsdoc/leading-underscore-access.js","s":{"1":1,"2":1,"3":1,"4":1,"5":1,"6":0,"7":0,"8":0,"9":0,"10":0,"11":0,"12":0,"13":0,"14":0,"15":0,"16":0,"17":0,"18":0,"19":0,"20":0,"21":0,"22":0,"23":0,"24":0,"25":0,"26":0,"27":0,"28":0,"29":0,"30":0,"31":0,"32":0,"33":0,"34":0,"35":0,"36":0,"37":0,"38":0},"b":{"1":[0,0],"2":[0,0],"3":[0,0,0],"4":[0,0],"5":[0,0],"6":[0,0],"7":[0,0],"8":[0,0],"9":[0,0],"10":[0,0],"11":[0,0],"12":[0,0],"13":[0,0],"14":[0,0],"15":[0,0],"16":[0,0],"17":[0,0]},"f":{"1":0,"2":0},"fnMap":{"1":{"name":"validateLeadingUnderscoresAccess","line":40,"loc":{"start":{"line":40,"column":0},"end":{"line":40,"column":53}}},"2":{"name":"(anonymous_2)","line":77,"loc":{"start":{"line":77,"column":23},"end":{"line":77,"column":37}}}},"statementMap":{"1":{"start":{"line":1,"column":0},"end":{"line":1,"column":50}},"2":{"start":{"line":2,"column":0},"end":{"line":2,"column":37}},"3":{"start":{"line":4,"column":0},"end":{"line":8,"column":2}},"4":{"start":{"line":10,"column":0},"end":{"line":32,"column":2}},"5":{"start":{"line":40,"column":0},"end":{"line":93,"column":1}},"6":{"start":{"line":41,"column":4},"end":{"line":41,"column":55}},"7":{"start":{"line":42,"column":4},"end":{"line":44,"column":5}},"8":{"start":{"line":43,"column":8},"end":{"line":43,"column":15}},"9":{"start":{"line":47,"column":4},"end":{"line":47,"column":13}},"10":{"start":{"line":48,"column":4},"end":{"line":48,"column":21}},"11":{"start":{"line":50,"column":4},"end":{"line":63,"column":5}},"12":{"start":{"line":52,"column":12},"end":{"line":52,"column":46}},"13":{"start":{"line":53,"column":12},"end":{"line":53,"column":49}},"14":{"start":{"line":54,"column":12},"end":{"line":54,"column":18}},"15":{"start":{"line":56,"column":12},"end":{"line":56,"column":47}},"16":{"start":{"line":57,"column":12},"end":{"line":57,"column":50}},"17":{"start":{"line":58,"column":12},"end":{"line":58,"column":18}},"18":{"start":{"line":60,"column":12},"end":{"line":60,"column":40}},"19":{"start":{"line":61,"column":12},"end":{"line":61,"column":43}},"20":{"start":{"line":62,"column":12},"end":{"line":62,"column":18}},"21":{"start":{"line":65,"column":4},"end":{"line":67,"column":5}},"22":{"start":{"line":66,"column":8},"end":{"line":66,"column":15}},"23":{"start":{"line":70,"column":4},"end":{"line":72,"column":5}},"24":{"start":{"line":71,"column":8},"end":{"line":71,"column":15}},"25":{"start":{"line":74,"column":4},"end":{"line":74,"column":15}},"26":{"start":{"line":75,"column":4},"end":{"line":75,"column":18}},"27":{"start":{"line":76,"column":4},"end":{"line":76,"column":25}},"28":{"start":{"line":77,"column":4},"end":{"line":84,"column":7}},"29":{"start":{"line":78,"column":8},"end":{"line":83,"column":9}},"30":{"start":{"line":79,"column":12},"end":{"line":79,"column":69}},"31":{"start":{"line":80,"column":12},"end":{"line":80,"column":28}},"32":{"start":{"line":81,"column":15},"end":{"line":83,"column":9}},"33":{"start":{"line":82,"column":12},"end":{"line":82,"column":28}},"34":{"start":{"line":86,"column":4},"end":{"line":92,"column":5}},"35":{"start":{"line":87,"column":8},"end":{"line":89,"column":9}},"36":{"start":{"line":88,"column":12},"end":{"line":88,"column":90}},"37":{"start":{"line":90,"column":11},"end":{"line":92,"column":5}},"38":{"start":{"line":91,"column":8},"end":{"line":91,"column":59}}},"branchMap":{"1":{"line":42,"type":"if","locations":[{"start":{"line":42,"column":4},"end":{"line":42,"column":4}},{"start":{"line":42,"column":4},"end":{"line":42,"column":4}}]},"2":{"line":42,"type":"binary-expr","locations":[{"start":{"line":42,"column":8},"end":{"line":42,"column":19}},{"start":{"line":42,"column":23},"end":{"line":42,"column":40}}]},"3":{"line":50,"type":"switch","locations":[{"start":{"line":51,"column":8},"end":{"line":54,"column":18}},{"start":{"line":55,"column":8},"end":{"line":58,"column":18}},{"start":{"line":59,"column":8},"end":{"line":62,"column":18}}]},"4":{"line":60,"type":"binary-expr","locations":[{"start":{"line":60,"column":20},"end":{"line":60,"column":27}},{"start":{"line":60,"column":31},"end":{"line":60,"column":33}}]},"5":{"line":61,"type":"binary-expr","locations":[{"start":{"line":61,"column":27},"end":{"line":61,"column":34}},{"start":{"line":61,"column":38},"end":{"line":61,"column":42}}]},"6":{"line":65,"type":"if","locations":[{"start":{"line":65,"column":4},"end":{"line":65,"column":4}},{"start":{"line":65,"column":4},"end":{"line":65,"column":4}}]},"7":{"line":70,"type":"if","locations":[{"start":{"line":70,"column":4},"end":{"line":70,"column":4}},{"start":{"line":70,"column":4},"end":{"line":70,"column":4}}]},"8":{"line":70,"type":"binary-expr","locations":[{"start":{"line":70,"column":8},"end":{"line":70,"column":13}},{"start":{"line":70,"column":17},"end":{"line":70,"column":32}}]},"9":{"line":78,"type":"if","locations":[{"start":{"line":78,"column":8},"end":{"line":78,"column":8}},{"start":{"line":78,"column":8},"end":{"line":78,"column":8}}]},"10":{"line":78,"type":"binary-expr","locations":[{"start":{"line":78,"column":12},"end":{"line":78,"column":19}},{"start":{"line":78,"column":23},"end":{"line":78,"column":90}}]},"11":{"line":79,"type":"cond-expr","locations":[{"start":{"line":79,"column":44},"end":{"line":79,"column":58}},{"start":{"line":79,"column":61},"end":{"line":79,"column":67}}]},"12":{"line":81,"type":"if","locations":[{"start":{"line":81,"column":15},"end":{"line":81,"column":15}},{"start":{"line":81,"column":15},"end":{"line":81,"column":15}}]},"13":{"line":86,"type":"if","locations":[{"start":{"line":86,"column":4},"end":{"line":86,"column":4}},{"start":{"line":86,"column":4},"end":{"line":86,"column":4}}]},"14":{"line":86,"type":"binary-expr","locations":[{"start":{"line":86,"column":8},"end":{"line":86,"column":15}},{"start":{"line":86,"column":19},"end":{"line":86,"column":29}}]},"15":{"line":87,"type":"if","locations":[{"start":{"line":87,"column":8},"end":{"line":87,"column":8}},{"start":{"line":87,"column":8},"end":{"line":87,"column":8}}]},"16":{"line":88,"type":"binary-expr","locations":[{"start":{"line":88,"column":45},"end":{"line":88,"column":49}},{"start":{"line":88,"column":53},"end":{"line":88,"column":73}}]},"17":{"line":90,"type":"if","locations":[{"start":{"line":90,"column":11},"end":{"line":90,"column":11}},{"start":{"line":90,"column":11},"end":{"line":90,"column":11}}]}},"code":["module.exports = validateLeadingUnderscoresAccess;","module.exports.scopes = ['function'];","","module.exports.options = {","    leadingUnderscoreAccess: {","        allowedValues: [true, 'private', 'protected']","    }","};","","var nativeUnderscoredProperties = [","    // standard","    '__proto__',","    // underscore","    '_',","    // node.js","    '__filename',","    '__dirname',","    'super_', // util.inherits","    // moz","    '__count__',","    '__parent__',","    '__defineGetter__',","    '__defineSetter__',","    '__lookupGetter__',","    '__lookupSetter__',","    '__noSuchMethod__',","    // dfilatov/inherit","    '__constructor',","    '__self',","    '__base',","    '__parent',","];","","/**"," * Validator for jsdoc data existance"," *"," * @param {(FunctionDeclaration|FunctionExpression)} node"," * @param {Function} err"," */","function validateLeadingUnderscoresAccess(node, err) {","    var option = this._options.leadingUnderscoreAccess;","    if (!node.jsdoc || !node.jsdoc.valid) {","        return;","    }","","    // fetch name from variable, property or function","    var name;","    var nodeToReport;","","    switch (node.parentElement.type) {","        case 'VariableDeclarator':","            name = node.parentElement.id.name;","            nodeToReport = node.parentElement.id;","            break;","        case 'ObjectProperty':","            name = node.parentElement.key.name;","            nodeToReport = node.parentElement.key;","            break;","        default: // try to use func name itself (if not anonymous)","            name = (node.id || {}).name;","            nodeToReport = node.id || node;","            break;","    }","","    if (nativeUnderscoredProperties.indexOf(name) !== -1) {","        return;","    }","","    // skip anonymous and names without underscores at begin","    if (!name || name[0] !== '_') {","        return;","    }","","    var access;","    var accessTag;","    var override = false;","    node.jsdoc.iterate(function(tag) {","        if (!access && ['private', 'protected', 'public', 'access'].indexOf(tag.id) !== -1) {","            access = (tag.id === 'access' ? tag.name.value : tag.id);","            accessTag = tag;","        } else if (tag.id === 'override') {","            override = true;","        }","    });","","    if (!access || !accessTag) {","        if (!override) {","            err('Missing access tag for ' + (name || 'anonymous function'), nodeToReport);","        }","    } else if ([true, access].indexOf(option) === -1) {","        err('Method access doesn\\'t match', accessTag.loc);","    }","}",""],"l":{"1":1,"2":1,"4":1,"10":1,"40":1,"41":0,"42":0,"43":0,"47":0,"48":0,"50":0,"52":0,"53":0,"54":0,"56":0,"57":0,"58":0,"60":0,"61":0,"62":0,"65":0,"66":0,"70":0,"71":0,"74":0,"75":0,"76":0,"77":0,"78":0,"79":0,"80":0,"81":0,"82":0,"86":0,"87":0,"88":0,"90":0,"91":0}}}